<?xml version="1.0" encoding="UTF-8"?>
<robot generator="Robot 7.2.2 (Python 3.12.9 on linux)" generated="2025-08-20T15:09:59.124013" rpa="false" schemaversion="5">
<suite id="s1" name="Tests" source="/jtech/projects/code/jtech-kpi/jtech-installer/tests">
<suite id="s1-s1" name="Unit" source="/jtech/projects/code/jtech-kpi/jtech-installer/tests/unit">
<suite id="s1-s1-s1" name="Test Agent Installer" source="/jtech/projects/code/jtech-kpi/jtech-installer/tests/unit/test_agent_installer.py">
<suite id="s1-s1-s1-s1" name="TestAgentInstaller" source="/jtech/projects/code/jtech-kpi/jtech-installer/tests/unit/test_agent_installer.py">
<test id="s1-s1-s1-s1-t1" name="test_agent_installer_initialization">
<kw name="Setup" owner="pytest_robotframework._internal.robot.library" type="SETUP">
<status status="PASS" start="2025-08-20T15:09:59.157935" elapsed="0.002670"/>
</kw>
<kw name="Run Test" owner="pytest_robotframework._internal.robot.library">
<status status="PASS" start="2025-08-20T15:09:59.160947" elapsed="0.001329"/>
</kw>
<kw name="Teardown" owner="pytest_robotframework._internal.robot.library" type="TEARDOWN">
<status status="PASS" start="2025-08-20T15:09:59.162752" elapsed="0.001237"/>
</kw>
<doc>Testa inicialização do AgentInstaller.</doc>
<status status="PASS" start="2025-08-20T15:09:59.153591" elapsed="0.010510"/>
</test>
<test id="s1-s1-s1-s1-t2" name="test_agent_type_enum">
<kw name="Setup" owner="pytest_robotframework._internal.robot.library" type="SETUP">
<status status="PASS" start="2025-08-20T15:09:59.165834" elapsed="0.000588"/>
</kw>
<kw name="Run Test" owner="pytest_robotframework._internal.robot.library">
<status status="PASS" start="2025-08-20T15:09:59.166605" elapsed="0.000662"/>
</kw>
<kw name="Teardown" owner="pytest_robotframework._internal.robot.library" type="TEARDOWN">
<status status="PASS" start="2025-08-20T15:09:59.167531" elapsed="0.000440"/>
</kw>
<doc>Testa valores do enum AgentType.</doc>
<status status="PASS" start="2025-08-20T15:09:59.164489" elapsed="0.003559"/>
</test>
<test id="s1-s1-s1-s1-t3" name="test_agent_info_dataclass">
<kw name="Setup" owner="pytest_robotframework._internal.robot.library" type="SETUP">
<status status="PASS" start="2025-08-20T15:09:59.169552" elapsed="0.000529"/>
</kw>
<kw name="Run Test" owner="pytest_robotframework._internal.robot.library">
<status status="PASS" start="2025-08-20T15:09:59.170257" elapsed="0.000693"/>
</kw>
<kw name="Teardown" owner="pytest_robotframework._internal.robot.library" type="TEARDOWN">
<status status="PASS" start="2025-08-20T15:09:59.171206" elapsed="0.000445"/>
</kw>
<doc>Testa dataclass AgentInfo.</doc>
<status status="PASS" start="2025-08-20T15:09:59.168333" elapsed="0.003409"/>
</test>
<test id="s1-s1-s1-s1-t4" name="test_discover_agents_no_source_dir">
<kw name="Setup" owner="pytest_robotframework._internal.robot.library" type="SETUP">
<status status="PASS" start="2025-08-20T15:09:59.173425" elapsed="0.001244"/>
</kw>
<kw name="Run Test" owner="pytest_robotframework._internal.robot.library">
<status status="PASS" start="2025-08-20T15:09:59.174887" elapsed="0.001827"/>
</kw>
<kw name="Teardown" owner="pytest_robotframework._internal.robot.library" type="TEARDOWN">
<status status="PASS" start="2025-08-20T15:09:59.177091" elapsed="0.000818"/>
</kw>
<doc>Testa descoberta quando diretório fonte não existe.</doc>
<status status="PASS" start="2025-08-20T15:09:59.172067" elapsed="0.005941"/>
</test>
<test id="s1-s1-s1-s1-t5" name="test_discover_agents_success">
<kw name="Setup" owner="pytest_robotframework._internal.robot.library" type="SETUP">
<status status="PASS" start="2025-08-20T15:09:59.179668" elapsed="0.001658"/>
</kw>
<kw name="Run Test" owner="pytest_robotframework._internal.robot.library">
<status status="PASS" start="2025-08-20T15:09:59.181586" elapsed="0.008187"/>
</kw>
<kw name="Teardown" owner="pytest_robotframework._internal.robot.library" type="TEARDOWN">
<status status="PASS" start="2025-08-20T15:09:59.190138" elapsed="0.001039"/>
</kw>
<doc>Testa descoberta bem-sucedida de agentes.</doc>
<status status="PASS" start="2025-08-20T15:09:59.178327" elapsed="0.012954"/>
</test>
<test id="s1-s1-s1-s1-t6" name="test_parse_agent_file_chatmode">
<kw name="Setup" owner="pytest_robotframework._internal.robot.library" type="SETUP">
<status status="PASS" start="2025-08-20T15:09:59.192959" elapsed="0.001713"/>
</kw>
<kw name="Run Test" owner="pytest_robotframework._internal.robot.library">
<status status="PASS" start="2025-08-20T15:09:59.194941" elapsed="0.001902"/>
</kw>
<kw name="Teardown" owner="pytest_robotframework._internal.robot.library" type="TEARDOWN">
<status status="PASS" start="2025-08-20T15:09:59.197191" elapsed="0.000971"/>
</kw>
<doc>Testa parsing de arquivo ChatMode.</doc>
<status status="PASS" start="2025-08-20T15:09:59.191614" elapsed="0.006648"/>
</test>
<test id="s1-s1-s1-s1-t7" name="test_parse_agent_file_template">
<kw name="Setup" owner="pytest_robotframework._internal.robot.library" type="SETUP">
<status status="PASS" start="2025-08-20T15:09:59.199967" elapsed="0.001706"/>
</kw>
<kw name="Run Test" owner="pytest_robotframework._internal.robot.library">
<status status="PASS" start="2025-08-20T15:09:59.201945" elapsed="0.001042"/>
</kw>
<kw name="Teardown" owner="pytest_robotframework._internal.robot.library" type="TEARDOWN">
<status status="PASS" start="2025-08-20T15:09:59.203303" elapsed="0.000923"/>
</kw>
<doc>Testa parsing de arquivo Template.</doc>
<status status="PASS" start="2025-08-20T15:09:59.198596" elapsed="0.005728"/>
</test>
<test id="s1-s1-s1-s1-t8" name="test_extract_metadata_with_frontmatter">
<kw name="Setup" owner="pytest_robotframework._internal.robot.library" type="SETUP">
<status status="PASS" start="2025-08-20T15:09:59.206040" elapsed="0.001286"/>
</kw>
<kw name="Run Test" owner="pytest_robotframework._internal.robot.library">
<status status="PASS" start="2025-08-20T15:09:59.207629" elapsed="0.006869"/>
</kw>
<kw name="Teardown" owner="pytest_robotframework._internal.robot.library" type="TEARDOWN">
<status status="PASS" start="2025-08-20T15:09:59.214844" elapsed="0.000823"/>
</kw>
<doc>Testa extração de metadados com frontmatter YAML.</doc>
<status status="PASS" start="2025-08-20T15:09:59.204650" elapsed="0.011139"/>
</test>
<test id="s1-s1-s1-s1-t9" name="test_extract_metadata_without_frontmatter">
<kw name="Setup" owner="pytest_robotframework._internal.robot.library" type="SETUP">
<status status="PASS" start="2025-08-20T15:09:59.217523" elapsed="0.001098"/>
</kw>
<kw name="Run Test" owner="pytest_robotframework._internal.robot.library">
<status status="PASS" start="2025-08-20T15:09:59.218823" elapsed="0.002834"/>
</kw>
<kw name="Teardown" owner="pytest_robotframework._internal.robot.library" type="TEARDOWN">
<status status="PASS" start="2025-08-20T15:09:59.222058" elapsed="0.000867"/>
</kw>
<doc>Testa extração de metadados sem frontmatter.</doc>
<status status="PASS" start="2025-08-20T15:09:59.216136" elapsed="0.006915"/>
</test>
<test id="s1-s1-s1-s1-t10" name="test_calculate_checksum">
<kw name="Setup" owner="pytest_robotframework._internal.robot.library" type="SETUP">
<status status="PASS" start="2025-08-20T15:09:59.225085" elapsed="0.001295"/>
</kw>
<kw name="Run Test" owner="pytest_robotframework._internal.robot.library">
<status status="PASS" start="2025-08-20T15:09:59.226609" elapsed="0.001229"/>
</kw>
<kw name="Teardown" owner="pytest_robotframework._internal.robot.library" type="TEARDOWN">
<status status="PASS" start="2025-08-20T15:09:59.228168" elapsed="0.009821"/>
</kw>
<doc>Testa cálculo de checksum.</doc>
<status status="PASS" start="2025-08-20T15:09:59.223479" elapsed="0.014630"/>
</test>
<test id="s1-s1-s1-s1-t11" name="test_install_agents_no_agents">
<kw name="Setup" owner="pytest_robotframework._internal.robot.library" type="SETUP">
<status status="PASS" start="2025-08-20T15:09:59.240082" elapsed="0.001249"/>
</kw>
<kw name="Run Test" owner="pytest_robotframework._internal.robot.library">
<status status="PASS" start="2025-08-20T15:09:59.241574" elapsed="0.000800"/>
</kw>
<kw name="Teardown" owner="pytest_robotframework._internal.robot.library" type="TEARDOWN">
<status status="PASS" start="2025-08-20T15:09:59.242701" elapsed="0.000848"/>
</kw>
<doc>Testa instalação sem agentes descobertos.</doc>
<status status="PASS" start="2025-08-20T15:09:59.238488" elapsed="0.005216"/>
</test>
<test id="s1-s1-s1-s1-t12" name="test_install_agents_success">
<kw name="Setup" owner="pytest_robotframework._internal.robot.library" type="SETUP">
<status status="PASS" start="2025-08-20T15:09:59.245605" elapsed="0.001885"/>
</kw>
<kw name="Run Test" owner="pytest_robotframework._internal.robot.library">
<status status="PASS" start="2025-08-20T15:09:59.247719" elapsed="0.013836"/>
</kw>
<kw name="Teardown" owner="pytest_robotframework._internal.robot.library" type="TEARDOWN">
<status status="PASS" start="2025-08-20T15:09:59.262012" elapsed="0.001227"/>
</kw>
<doc>Testa instalação bem-sucedida de agentes.</doc>
<status status="PASS" start="2025-08-20T15:09:59.244084" elapsed="0.019250"/>
</test>
<test id="s1-s1-s1-s1-t13" name="test_install_agents_with_copy_failure">
<kw name="Setup" owner="pytest_robotframework._internal.robot.library" type="SETUP">
<status status="PASS" start="2025-08-20T15:09:59.265148" elapsed="0.001854"/>
</kw>
<kw name="Run Test" owner="pytest_robotframework._internal.robot.library">
<status status="PASS" start="2025-08-20T15:09:59.267246" elapsed="0.003417"/>
</kw>
<kw name="Teardown" owner="pytest_robotframework._internal.robot.library" type="TEARDOWN">
<status status="PASS" start="2025-08-20T15:09:59.271046" elapsed="0.001139"/>
</kw>
<doc>Testa instalação com falha na cópia.</doc>
<status status="PASS" start="2025-08-20T15:09:59.263664" elapsed="0.008621"/>
</test>
<test id="s1-s1-s1-s1-t14" name="test_verify_agent_integrity_success">
<kw name="Setup" owner="pytest_robotframework._internal.robot.library" type="SETUP">
<status status="PASS" start="2025-08-20T15:09:59.274110" elapsed="0.001214"/>
</kw>
<kw name="Run Test" owner="pytest_robotframework._internal.robot.library">
<status status="PASS" start="2025-08-20T15:09:59.275556" elapsed="0.001145"/>
</kw>
<kw name="Teardown" owner="pytest_robotframework._internal.robot.library" type="TEARDOWN">
<status status="PASS" start="2025-08-20T15:09:59.277109" elapsed="0.000847"/>
</kw>
<doc>Testa verificação de integridade bem-sucedida.</doc>
<status status="PASS" start="2025-08-20T15:09:59.272622" elapsed="0.005436"/>
</test>
<test id="s1-s1-s1-s1-t15" name="test_verify_agent_integrity_failure">
<kw name="Setup" owner="pytest_robotframework._internal.robot.library" type="SETUP">
<status status="PASS" start="2025-08-20T15:09:59.280012" elapsed="0.001489"/>
</kw>
<kw name="Run Test" owner="pytest_robotframework._internal.robot.library">
<status status="PASS" start="2025-08-20T15:09:59.281737" elapsed="0.000842"/>
</kw>
<kw name="Teardown" owner="pytest_robotframework._internal.robot.library" type="TEARDOWN">
<status status="PASS" start="2025-08-20T15:09:59.282883" elapsed="0.000671"/>
</kw>
<doc>Testa verificação de integridade com falha.</doc>
<status status="PASS" start="2025-08-20T15:09:59.278412" elapsed="0.005232"/>
</test>
<test id="s1-s1-s1-s1-t16" name="test_list_installed_agents_empty">
<kw name="Setup" owner="pytest_robotframework._internal.robot.library" type="SETUP">
<status status="PASS" start="2025-08-20T15:09:59.285472" elapsed="0.001177"/>
</kw>
<kw name="Run Test" owner="pytest_robotframework._internal.robot.library">
<status status="PASS" start="2025-08-20T15:09:59.286889" elapsed="0.000806"/>
</kw>
<kw name="Teardown" owner="pytest_robotframework._internal.robot.library" type="TEARDOWN">
<status status="PASS" start="2025-08-20T15:09:59.288074" elapsed="0.000720"/>
</kw>
<doc>Testa listagem com registro vazio.</doc>
<status status="PASS" start="2025-08-20T15:09:59.284038" elapsed="0.004853"/>
</test>
<test id="s1-s1-s1-s1-t17" name="test_list_installed_agents_with_data">
<kw name="Setup" owner="pytest_robotframework._internal.robot.library" type="SETUP">
<status status="PASS" start="2025-08-20T15:09:59.290864" elapsed="0.001241"/>
</kw>
<kw name="Run Test" owner="pytest_robotframework._internal.robot.library">
<status status="PASS" start="2025-08-20T15:09:59.292357" elapsed="0.004933"/>
</kw>
<kw name="Teardown" owner="pytest_robotframework._internal.robot.library" type="TEARDOWN">
<status status="PASS" start="2025-08-20T15:09:59.297669" elapsed="0.000900"/>
</kw>
<doc>Testa listagem com agentes instalados.</doc>
<status status="PASS" start="2025-08-20T15:09:59.289273" elapsed="0.009407"/>
</test>
<test id="s1-s1-s1-s1-t18" name="test_get_installation_report">
<kw name="Setup" owner="pytest_robotframework._internal.robot.library" type="SETUP">
<status status="PASS" start="2025-08-20T15:09:59.300627" elapsed="0.001667"/>
</kw>
<kw name="Run Test" owner="pytest_robotframework._internal.robot.library">
<status status="PASS" start="2025-08-20T15:09:59.302543" elapsed="0.002812"/>
</kw>
<kw name="Teardown" owner="pytest_robotframework._internal.robot.library" type="TEARDOWN">
<status status="PASS" start="2025-08-20T15:09:59.305684" elapsed="0.000974"/>
</kw>
<doc>Testa geração de relatório de instalação.</doc>
<status status="PASS" start="2025-08-20T15:09:59.299066" elapsed="0.007723"/>
</test>
<test id="s1-s1-s1-s1-t19" name="test_ensure_agent_directories">
<kw name="Setup" owner="pytest_robotframework._internal.robot.library" type="SETUP">
<status status="PASS" start="2025-08-20T15:09:59.308759" elapsed="0.001225"/>
</kw>
<kw name="Run Test" owner="pytest_robotframework._internal.robot.library">
<status status="PASS" start="2025-08-20T15:09:59.310212" elapsed="0.001084"/>
</kw>
<kw name="Teardown" owner="pytest_robotframework._internal.robot.library" type="TEARDOWN">
<status status="PASS" start="2025-08-20T15:09:59.311622" elapsed="0.000967"/>
</kw>
<doc>Testa criação de diretórios de agentes.</doc>
<status status="PASS" start="2025-08-20T15:09:59.307169" elapsed="0.005526"/>
</test>
<test id="s1-s1-s1-s1-t20" name="test_update_agents_registry_new_file">
<kw name="Setup" owner="pytest_robotframework._internal.robot.library" type="SETUP">
<status status="PASS" start="2025-08-20T15:09:59.314582" elapsed="0.001961"/>
</kw>
<kw name="Run Test" owner="pytest_robotframework._internal.robot.library">
<status status="PASS" start="2025-08-20T15:09:59.316801" elapsed="0.008340"/>
</kw>
<kw name="Teardown" owner="pytest_robotframework._internal.robot.library" type="TEARDOWN">
<status status="PASS" start="2025-08-20T15:09:59.325487" elapsed="0.001194"/>
</kw>
<doc>Testa atualização de registro com arquivo novo.</doc>
<status status="PASS" start="2025-08-20T15:09:59.313079" elapsed="0.013739"/>
</test>
<test id="s1-s1-s1-s1-t21" name="test_update_agents_registry_existing_file">
<kw name="Setup" owner="pytest_robotframework._internal.robot.library" type="SETUP">
<status status="PASS" start="2025-08-20T15:09:59.328655" elapsed="0.001636"/>
</kw>
<kw name="Run Test" owner="pytest_robotframework._internal.robot.library">
<status status="PASS" start="2025-08-20T15:09:59.330527" elapsed="0.008678"/>
</kw>
<kw name="Teardown" owner="pytest_robotframework._internal.robot.library" type="TEARDOWN">
<status status="PASS" start="2025-08-20T15:09:59.339649" elapsed="0.001450"/>
</kw>
<doc>Testa atualização de registro com arquivo existente.</doc>
<status status="PASS" start="2025-08-20T15:09:59.327199" elapsed="0.014025"/>
</test>
<test id="s1-s1-s1-s1-t22" name="test_install_agents_dry_run_concept">
<kw name="Setup" owner="pytest_robotframework._internal.robot.library" type="SETUP">
<status status="PASS" start="2025-08-20T15:09:59.343131" elapsed="0.001734"/>
</kw>
<kw name="Run Test" owner="pytest_robotframework._internal.robot.library">
<status status="PASS" start="2025-08-20T15:09:59.345101" elapsed="0.007775"/>
</kw>
<kw name="Teardown" owner="pytest_robotframework._internal.robot.library" type="TEARDOWN">
<status status="PASS" start="2025-08-20T15:09:59.353237" elapsed="0.001230"/>
</kw>
<doc>Testa conceito de dry run (sem copiar arquivos).</doc>
<status status="PASS" start="2025-08-20T15:09:59.341611" elapsed="0.012962"/>
</test>
<test id="s1-s1-s1-s1-t23" name="test_agent_installer_integration_full_cycle">
<kw name="Setup" owner="pytest_robotframework._internal.robot.library" type="SETUP">
<status status="PASS" start="2025-08-20T15:09:59.356412" elapsed="0.001845"/>
</kw>
<kw name="Run Test" owner="pytest_robotframework._internal.robot.library">
<status status="PASS" start="2025-08-20T15:09:59.358532" elapsed="0.019179"/>
</kw>
<kw name="Teardown" owner="pytest_robotframework._internal.robot.library" type="TEARDOWN">
<status status="PASS" start="2025-08-20T15:09:59.378091" elapsed="0.001263"/>
</kw>
<doc>Teste de integração do ciclo completo.</doc>
<status status="PASS" start="2025-08-20T15:09:59.354957" elapsed="0.024498"/>
</test>
<doc>Testes abrangentes para AgentInstaller.</doc>
<status status="PASS" start="2025-08-20T15:09:59.151696" elapsed="0.228333"/>
</suite>
<doc>Testes para AgentInstaller - História 2.2
Instalação de Agentes Especializados JTECH™ Core</doc>
<status status="PASS" start="2025-08-20T15:09:59.149996" elapsed="0.230744"/>
</suite>
<suite id="s1-s1-s2" name="Test Asset Copier" source="/jtech/projects/code/jtech-kpi/jtech-installer/tests/unit/test_asset_copier.py">
<suite id="s1-s1-s2-s1" name="TestAssetCopier" source="/jtech/projects/code/jtech-kpi/jtech-installer/tests/unit/test_asset_copier.py">
<test id="s1-s1-s2-s1-t1" name="test_init_with_explicit_source">
<kw name="Setup" owner="pytest_robotframework._internal.robot.library" type="SETUP">
<status status="PASS" start="2025-08-20T15:09:59.387323" elapsed="0.001363"/>
</kw>
<kw name="Run Test" owner="pytest_robotframework._internal.robot.library">
<status status="PASS" start="2025-08-20T15:09:59.388914" elapsed="0.000915"/>
</kw>
<kw name="Teardown" owner="pytest_robotframework._internal.robot.library" type="TEARDOWN">
<status status="PASS" start="2025-08-20T15:09:59.390155" elapsed="0.000912"/>
</kw>
<doc>Testa inicialização com source explícito</doc>
<status status="PASS" start="2025-08-20T15:09:59.385147" elapsed="0.006017"/>
</test>
<test id="s1-s1-s2-s1-t2" name="test_copy_agents_ide_minimal">
<kw name="Setup" owner="pytest_robotframework._internal.robot.library" type="SETUP">
<status status="PASS" start="2025-08-20T15:09:59.392905" elapsed="0.001527"/>
</kw>
<kw name="Run Test" owner="pytest_robotframework._internal.robot.library">
<status status="PASS" start="2025-08-20T15:09:59.394666" elapsed="0.002444"/>
</kw>
<kw name="Teardown" owner="pytest_robotframework._internal.robot.library" type="TEARDOWN">
<status status="PASS" start="2025-08-20T15:09:59.397479" elapsed="0.001167"/>
</kw>
<doc>Testa cópia de agentes para team IDE minimal</doc>
<status status="PASS" start="2025-08-20T15:09:59.391526" elapsed="0.007250"/>
</test>
<test id="s1-s1-s2-s1-t3" name="test_copy_agents_dry_run">
<kw name="Setup" owner="pytest_robotframework._internal.robot.library" type="SETUP">
<status status="PASS" start="2025-08-20T15:09:59.400719" elapsed="0.001371"/>
</kw>
<kw name="Run Test" owner="pytest_robotframework._internal.robot.library">
<status status="PASS" start="2025-08-20T15:09:59.402303" elapsed="0.001068"/>
</kw>
<kw name="Teardown" owner="pytest_robotframework._internal.robot.library" type="TEARDOWN">
<status status="PASS" start="2025-08-20T15:09:59.403679" elapsed="0.000866"/>
</kw>
<doc>Testa cópia em modo dry-run</doc>
<status status="PASS" start="2025-08-20T15:09:59.399249" elapsed="0.005394"/>
</test>
<test id="s1-s1-s2-s1-t4" name="test_copy_agents_missing_source">
<kw name="Setup" owner="pytest_robotframework._internal.robot.library" type="SETUP">
<status status="PASS" start="2025-08-20T15:09:59.406560" elapsed="0.001506"/>
</kw>
<kw name="Run Test" owner="pytest_robotframework._internal.robot.library">
<kw name="Raises" owner="pytest">
<arg>&lt;class 'jtech_installer.core.exceptions.FileOperat...</arg>
<arg>match=Framework source não encontrado</arg>
<doc>Assert that a code block/function call raises an exception type, or one of its subclasses.</doc>
<status status="PASS" start="2025-08-20T15:09:59.410735" elapsed="0.001654"/>
</kw>
<status status="PASS" start="2025-08-20T15:09:59.408316" elapsed="0.004698"/>
</kw>
<kw name="Teardown" owner="pytest_robotframework._internal.robot.library" type="TEARDOWN">
<status status="PASS" start="2025-08-20T15:09:59.413354" elapsed="0.000908"/>
</kw>
<doc>Testa erro quando diretório fonte não existe</doc>
<status status="PASS" start="2025-08-20T15:09:59.405033" elapsed="0.009321"/>
</test>
<test id="s1-s1-s2-s1-t5" name="test_team_agent_mapping">
<kw name="Setup" owner="pytest_robotframework._internal.robot.library" type="SETUP">
<status status="PASS" start="2025-08-20T15:09:59.416099" elapsed="0.000604"/>
</kw>
<kw name="Run Test" owner="pytest_robotframework._internal.robot.library">
<status status="PASS" start="2025-08-20T15:09:59.416900" elapsed="0.000745"/>
</kw>
<kw name="Teardown" owner="pytest_robotframework._internal.robot.library" type="TEARDOWN">
<status status="PASS" start="2025-08-20T15:09:59.417930" elapsed="0.000475"/>
</kw>
<doc>Testa mapeamento de agentes por tipo de equipe</doc>
<status status="PASS" start="2025-08-20T15:09:59.414694" elapsed="0.003795"/>
</test>
<test id="s1-s1-s2-s1-t6" name="test_calculate_checksum">
<kw name="Setup" owner="pytest_robotframework._internal.robot.library" type="SETUP">
<status status="PASS" start="2025-08-20T15:09:59.420159" elapsed="0.001340"/>
</kw>
<kw name="Run Test" owner="pytest_robotframework._internal.robot.library">
<status status="PASS" start="2025-08-20T15:09:59.421721" elapsed="0.001012"/>
</kw>
<kw name="Teardown" owner="pytest_robotframework._internal.robot.library" type="TEARDOWN">
<status status="PASS" start="2025-08-20T15:09:59.423082" elapsed="0.001131"/>
</kw>
<doc>Testa cálculo de checksum</doc>
<status status="PASS" start="2025-08-20T15:09:59.418822" elapsed="0.005506"/>
</test>
<test id="s1-s1-s2-s1-t7" name="test_copy_chatmodes_not_found">
<kw name="Setup" owner="pytest_robotframework._internal.robot.library" type="SETUP">
<status status="PASS" start="2025-08-20T15:09:59.426287" elapsed="0.001542"/>
</kw>
<kw name="Run Test" owner="pytest_robotframework._internal.robot.library">
<status status="PASS" start="2025-08-20T15:09:59.428072" elapsed="0.000970"/>
</kw>
<kw name="Teardown" owner="pytest_robotframework._internal.robot.library" type="TEARDOWN">
<status status="PASS" start="2025-08-20T15:09:59.429338" elapsed="0.000807"/>
</kw>
<doc>Testa quando chatmodes não é encontrado</doc>
<status status="PASS" start="2025-08-20T15:09:59.424728" elapsed="0.005506"/>
</test>
<doc>Testes para AssetCopier</doc>
<status status="PASS" start="2025-08-20T15:09:59.383357" elapsed="0.047377"/>
</suite>
<doc>Testes para AssetCopier</doc>
<status status="PASS" start="2025-08-20T15:09:59.381165" elapsed="0.050240"/>
</suite>
<suite id="s1-s1-s3" name="Test Chatmodes" source="/jtech/projects/code/jtech-kpi/jtech-installer/tests/unit/test_chatmodes.py">
<suite id="s1-s1-s3-s1" name="TestChatModeConfigurator" source="/jtech/projects/code/jtech-kpi/jtech-installer/tests/unit/test_chatmodes.py">
<test id="s1-s1-s3-s1-t1" name="test_chatmode_configurator_initialization">
<kw name="Setup" owner="pytest_robotframework._internal.robot.library" type="SETUP">
<status status="PASS" start="2025-08-20T15:09:59.438171" elapsed="0.001354"/>
</kw>
<kw name="Run Test" owner="pytest_robotframework._internal.robot.library">
<status status="PASS" start="2025-08-20T15:09:59.439765" elapsed="0.000958"/>
</kw>
<kw name="Teardown" owner="pytest_robotframework._internal.robot.library" type="TEARDOWN">
<status status="PASS" start="2025-08-20T15:09:59.441029" elapsed="0.000694"/>
</kw>
<doc>Testa inicialização do ChatModeConfigurator.</doc>
<status status="PASS" start="2025-08-20T15:09:59.435822" elapsed="0.006000"/>
</test>
<test id="s1-s1-s3-s1-t2" name="test_chatmode_compatibility_enum">
<kw name="Setup" owner="pytest_robotframework._internal.robot.library" type="SETUP">
<status status="PASS" start="2025-08-20T15:09:59.443602" elapsed="0.000768"/>
</kw>
<kw name="Run Test" owner="pytest_robotframework._internal.robot.library">
<status status="PASS" start="2025-08-20T15:09:59.444608" elapsed="0.001060"/>
</kw>
<kw name="Teardown" owner="pytest_robotframework._internal.robot.library" type="TEARDOWN">
<status status="PASS" start="2025-08-20T15:09:59.445994" elapsed="0.000523"/>
</kw>
<doc>Testa valores do enum ChatModeCompatibility.</doc>
<status status="PASS" start="2025-08-20T15:09:59.442167" elapsed="0.004438"/>
</test>
<test id="s1-s1-s3-s1-t3" name="test_chatmode_info_dataclass">
<kw name="Setup" owner="pytest_robotframework._internal.robot.library" type="SETUP">
<status status="PASS" start="2025-08-20T15:09:59.448424" elapsed="0.000804"/>
</kw>
<kw name="Run Test" owner="pytest_robotframework._internal.robot.library">
<status status="PASS" start="2025-08-20T15:09:59.449430" elapsed="0.000782"/>
</kw>
<kw name="Teardown" owner="pytest_robotframework._internal.robot.library" type="TEARDOWN">
<status status="PASS" start="2025-08-20T15:09:59.450488" elapsed="0.000453"/>
</kw>
<doc>Testa dataclass ChatModeInfo.</doc>
<status status="PASS" start="2025-08-20T15:09:59.447001" elapsed="0.004021"/>
</test>
<test id="s1-s1-s3-s1-t4" name="test_discover_chatmodes_no_source_dir">
<kw name="Setup" owner="pytest_robotframework._internal.robot.library" type="SETUP">
<status status="PASS" start="2025-08-20T15:09:59.452738" elapsed="0.001071"/>
</kw>
<kw name="Run Test" owner="pytest_robotframework._internal.robot.library">
<status status="PASS" start="2025-08-20T15:09:59.454009" elapsed="0.000742"/>
</kw>
<kw name="Teardown" owner="pytest_robotframework._internal.robot.library" type="TEARDOWN">
<status status="PASS" start="2025-08-20T15:09:59.455039" elapsed="0.000644"/>
</kw>
<doc>Testa descoberta quando diretório fonte não existe.</doc>
<status status="PASS" start="2025-08-20T15:09:59.451360" elapsed="0.004425"/>
</test>
<test id="s1-s1-s3-s1-t5" name="test_discover_chatmodes_success">
<kw name="Setup" owner="pytest_robotframework._internal.robot.library" type="SETUP">
<status status="PASS" start="2025-08-20T15:09:59.457657" elapsed="0.001594"/>
</kw>
<kw name="Run Test" owner="pytest_robotframework._internal.robot.library">
<status status="PASS" start="2025-08-20T15:09:59.459512" elapsed="0.012913"/>
</kw>
<kw name="Teardown" owner="pytest_robotframework._internal.robot.library" type="TEARDOWN">
<status status="PASS" start="2025-08-20T15:09:59.472831" elapsed="0.001147"/>
</kw>
<doc>Testa descoberta bem-sucedida de chatmodes.</doc>
<status status="PASS" start="2025-08-20T15:09:59.456133" elapsed="0.017958"/>
</test>
<test id="s1-s1-s3-s1-t6" name="test_parse_chatmode_file_fully_compatible">
<kw name="Setup" owner="pytest_robotframework._internal.robot.library" type="SETUP">
<status status="PASS" start="2025-08-20T15:09:59.475897" elapsed="0.001487"/>
</kw>
<kw name="Run Test" owner="pytest_robotframework._internal.robot.library">
<status status="PASS" start="2025-08-20T15:09:59.477610" elapsed="0.001409"/>
</kw>
<kw name="Teardown" owner="pytest_robotframework._internal.robot.library" type="TEARDOWN">
<status status="PASS" start="2025-08-20T15:09:59.479482" elapsed="0.001198"/>
</kw>
<doc>Testa parsing de ChatMode totalmente compatível.</doc>
<status status="PASS" start="2025-08-20T15:09:59.474455" elapsed="0.006360"/>
</test>
<test id="s1-s1-s3-s1-t7" name="test_parse_chatmode_file_mostly_compatible">
<kw name="Setup" owner="pytest_robotframework._internal.robot.library" type="SETUP">
<status status="PASS" start="2025-08-20T15:09:59.482853" elapsed="0.001707"/>
</kw>
<kw name="Run Test" owner="pytest_robotframework._internal.robot.library">
<status status="PASS" start="2025-08-20T15:09:59.484794" elapsed="0.000938"/>
</kw>
<kw name="Teardown" owner="pytest_robotframework._internal.robot.library" type="TEARDOWN">
<status status="PASS" start="2025-08-20T15:09:59.486053" elapsed="0.000920"/>
</kw>
<doc>Testa parsing de ChatMode com compatibilidade parcial.</doc>
<status status="PASS" start="2025-08-20T15:09:59.481234" elapsed="0.005844"/>
</test>
<test id="s1-s1-s3-s1-t8" name="test_parse_chatmode_file_incompatible">
<kw name="Setup" owner="pytest_robotframework._internal.robot.library" type="SETUP">
<status status="PASS" start="2025-08-20T15:09:59.488902" elapsed="0.001582"/>
</kw>
<kw name="Run Test" owner="pytest_robotframework._internal.robot.library">
<status status="PASS" start="2025-08-20T15:09:59.490783" elapsed="0.001110"/>
</kw>
<kw name="Teardown" owner="pytest_robotframework._internal.robot.library" type="TEARDOWN">
<status status="PASS" start="2025-08-20T15:09:59.492188" elapsed="0.000794"/>
</kw>
<doc>Testa parsing de ChatMode incompatível.</doc>
<status status="PASS" start="2025-08-20T15:09:59.487459" elapsed="0.005618"/>
</test>
<test id="s1-s1-s3-s1-t9" name="test_extract_chatmode_metadata_with_frontmatter">
<kw name="Setup" owner="pytest_robotframework._internal.robot.library" type="SETUP">
<status status="PASS" start="2025-08-20T15:09:59.495026" elapsed="0.001222"/>
</kw>
<kw name="Run Test" owner="pytest_robotframework._internal.robot.library">
<status status="PASS" start="2025-08-20T15:09:59.496480" elapsed="0.000833"/>
</kw>
<kw name="Teardown" owner="pytest_robotframework._internal.robot.library" type="TEARDOWN">
<status status="PASS" start="2025-08-20T15:09:59.497606" elapsed="0.000644"/>
</kw>
<doc>Testa extração de metadados com frontmatter.</doc>
<status status="PASS" start="2025-08-20T15:09:59.493442" elapsed="0.004893"/>
</test>
<test id="s1-s1-s3-s1-t10" name="test_extract_chatmode_metadata_without_frontmatter">
<kw name="Setup" owner="pytest_robotframework._internal.robot.library" type="SETUP">
<status status="PASS" start="2025-08-20T15:09:59.500203" elapsed="0.001148"/>
</kw>
<kw name="Run Test" owner="pytest_robotframework._internal.robot.library">
<status status="PASS" start="2025-08-20T15:09:59.501569" elapsed="0.000755"/>
</kw>
<kw name="Teardown" owner="pytest_robotframework._internal.robot.library" type="TEARDOWN">
<status status="PASS" start="2025-08-20T15:09:59.502604" elapsed="0.000647"/>
</kw>
<doc>Testa extração de metadados sem frontmatter.</doc>
<status status="PASS" start="2025-08-20T15:09:59.498681" elapsed="0.004652"/>
</test>
<test id="s1-s1-s3-s1-t11" name="test_validate_copilot_compatibility_fully_compatible">
<kw name="Setup" owner="pytest_robotframework._internal.robot.library" type="SETUP">
<status status="PASS" start="2025-08-20T15:09:59.505058" elapsed="0.001328"/>
</kw>
<kw name="Run Test" owner="pytest_robotframework._internal.robot.library">
<status status="PASS" start="2025-08-20T15:09:59.506615" elapsed="0.001058"/>
</kw>
<kw name="Teardown" owner="pytest_robotframework._internal.robot.library" type="TEARDOWN">
<status status="PASS" start="2025-08-20T15:09:59.508011" elapsed="0.000857"/>
</kw>
<doc>Testa validação de compatibilidade total.</doc>
<status status="PASS" start="2025-08-20T15:09:59.503670" elapsed="0.005314"/>
</test>
<test id="s1-s1-s3-s1-t12" name="test_validate_copilot_compatibility_with_issues">
<kw name="Setup" owner="pytest_robotframework._internal.robot.library" type="SETUP">
<status status="PASS" start="2025-08-20T15:09:59.510850" elapsed="0.002038"/>
</kw>
<kw name="Run Test" owner="pytest_robotframework._internal.robot.library">
<status status="PASS" start="2025-08-20T15:09:59.513128" elapsed="0.000901"/>
</kw>
<kw name="Teardown" owner="pytest_robotframework._internal.robot.library" type="TEARDOWN">
<status status="PASS" start="2025-08-20T15:09:59.514363" elapsed="0.000797"/>
</kw>
<doc>Testa validação com problemas de compatibilidade.</doc>
<status status="PASS" start="2025-08-20T15:09:59.509396" elapsed="0.005868"/>
</test>
<test id="s1-s1-s3-s1-t13" name="test_configure_chatmodes_no_chatmodes">
<kw name="Setup" owner="pytest_robotframework._internal.robot.library" type="SETUP">
<status status="PASS" start="2025-08-20T15:09:59.517220" elapsed="0.001139"/>
</kw>
<kw name="Run Test" owner="pytest_robotframework._internal.robot.library">
<status status="PASS" start="2025-08-20T15:09:59.518573" elapsed="0.000785"/>
</kw>
<kw name="Teardown" owner="pytest_robotframework._internal.robot.library" type="TEARDOWN">
<status status="PASS" start="2025-08-20T15:09:59.519672" elapsed="0.000690"/>
</kw>
<doc>Testa configuração sem chatmodes descobertos.</doc>
<status status="PASS" start="2025-08-20T15:09:59.515659" elapsed="0.004792"/>
</test>
<test id="s1-s1-s3-s1-t14" name="test_configure_chatmodes_success">
<kw name="Setup" owner="pytest_robotframework._internal.robot.library" type="SETUP">
<status status="PASS" start="2025-08-20T15:09:59.522355" elapsed="0.001648"/>
</kw>
<kw name="Run Test" owner="pytest_robotframework._internal.robot.library">
<status status="PASS" start="2025-08-20T15:09:59.524245" elapsed="0.002812"/>
</kw>
<kw name="Teardown" owner="pytest_robotframework._internal.robot.library" type="TEARDOWN">
<status status="PASS" start="2025-08-20T15:09:59.527574" elapsed="0.001157"/>
</kw>
<doc>Testa configuração bem-sucedida de chatmodes.</doc>
<status status="PASS" start="2025-08-20T15:09:59.520849" elapsed="0.008012"/>
</test>
<test id="s1-s1-s3-s1-t15" name="test_configure_chatmodes_force_install">
<kw name="Setup" owner="pytest_robotframework._internal.robot.library" type="SETUP">
<status status="PASS" start="2025-08-20T15:09:59.530755" elapsed="0.001502"/>
</kw>
<kw name="Run Test" owner="pytest_robotframework._internal.robot.library">
<status status="PASS" start="2025-08-20T15:09:59.532574" elapsed="0.002175"/>
</kw>
<kw name="Teardown" owner="pytest_robotframework._internal.robot.library" type="TEARDOWN">
<status status="PASS" start="2025-08-20T15:09:59.535131" elapsed="0.001001"/>
</kw>
<doc>Testa configuração forçada incluindo incompatíveis.</doc>
<status status="PASS" start="2025-08-20T15:09:59.529285" elapsed="0.006953"/>
</test>
<test id="s1-s1-s3-s1-t16" name="test_configure_chatmodes_with_copy_failure">
<kw name="Setup" owner="pytest_robotframework._internal.robot.library" type="SETUP">
<status status="PASS" start="2025-08-20T15:09:59.538061" elapsed="0.001876"/>
</kw>
<kw name="Run Test" owner="pytest_robotframework._internal.robot.library">
<status status="PASS" start="2025-08-20T15:09:59.540231" elapsed="0.002022"/>
</kw>
<kw name="Teardown" owner="pytest_robotframework._internal.robot.library" type="TEARDOWN">
<status status="PASS" start="2025-08-20T15:09:59.542624" elapsed="0.001070"/>
</kw>
<doc>Testa configuração com falha na cópia.</doc>
<status status="PASS" start="2025-08-20T15:09:59.536619" elapsed="0.007189"/>
</test>
<test id="s1-s1-s3-s1-t17" name="test_ensure_chatmodes_directory">
<kw name="Setup" owner="pytest_robotframework._internal.robot.library" type="SETUP">
<status status="PASS" start="2025-08-20T15:09:59.545642" elapsed="0.001088"/>
</kw>
<kw name="Run Test" owner="pytest_robotframework._internal.robot.library">
<status status="PASS" start="2025-08-20T15:09:59.546988" elapsed="0.000928"/>
</kw>
<kw name="Teardown" owner="pytest_robotframework._internal.robot.library" type="TEARDOWN">
<status status="PASS" start="2025-08-20T15:09:59.548251" elapsed="0.000940"/>
</kw>
<doc>Testa criação de diretório de chatmodes.</doc>
<status status="PASS" start="2025-08-20T15:09:59.544193" elapsed="0.005097"/>
</test>
<test id="s1-s1-s3-s1-t18" name="test_set_chatmode_permissions">
<kw name="Setup" owner="pytest_robotframework._internal.robot.library" type="SETUP">
<status status="PASS" start="2025-08-20T15:09:59.551145" elapsed="0.001055"/>
</kw>
<kw name="Run Test" owner="pytest_robotframework._internal.robot.library">
<status status="PASS" start="2025-08-20T15:09:59.552393" elapsed="0.000828"/>
</kw>
<kw name="Teardown" owner="pytest_robotframework._internal.robot.library" type="TEARDOWN">
<status status="PASS" start="2025-08-20T15:09:59.553505" elapsed="0.000693"/>
</kw>
<doc>Testa configuração de permissões.</doc>
<status status="PASS" start="2025-08-20T15:09:59.549687" elapsed="0.004604"/>
</test>
<test id="s1-s1-s3-s1-t19" name="test_create_copilot_config">
<kw name="Setup" owner="pytest_robotframework._internal.robot.library" type="SETUP">
<status status="PASS" start="2025-08-20T15:09:59.556212" elapsed="0.001398"/>
</kw>
<kw name="Run Test" owner="pytest_robotframework._internal.robot.library">
<status status="PASS" start="2025-08-20T15:09:59.557874" elapsed="0.001624"/>
</kw>
<kw name="Teardown" owner="pytest_robotframework._internal.robot.library" type="TEARDOWN">
<status status="PASS" start="2025-08-20T15:09:59.559841" elapsed="0.000791"/>
</kw>
<doc>Testa criação de configuração do Copilot.</doc>
<status status="PASS" start="2025-08-20T15:09:59.554710" elapsed="0.006016"/>
</test>
<test id="s1-s1-s3-s1-t20" name="test_get_compatibility_summary">
<kw name="Setup" owner="pytest_robotframework._internal.robot.library" type="SETUP">
<status status="PASS" start="2025-08-20T15:09:59.562785" elapsed="0.001390"/>
</kw>
<kw name="Run Test" owner="pytest_robotframework._internal.robot.library">
<status status="PASS" start="2025-08-20T15:09:59.564434" elapsed="0.000830"/>
</kw>
<kw name="Teardown" owner="pytest_robotframework._internal.robot.library" type="TEARDOWN">
<status status="PASS" start="2025-08-20T15:09:59.565574" elapsed="0.000720"/>
</kw>
<doc>Testa geração de resumo de compatibilidade.</doc>
<status status="PASS" start="2025-08-20T15:09:59.561105" elapsed="0.005279"/>
</test>
<test id="s1-s1-s3-s1-t21" name="test_validate_vscode_integration_no_vscode">
<kw name="Setup" owner="pytest_robotframework._internal.robot.library" type="SETUP">
<status status="PASS" start="2025-08-20T15:09:59.568142" elapsed="0.001095"/>
</kw>
<kw name="Run Test" owner="pytest_robotframework._internal.robot.library">
<status status="PASS" start="2025-08-20T15:09:59.569477" elapsed="0.000921"/>
</kw>
<kw name="Teardown" owner="pytest_robotframework._internal.robot.library" type="TEARDOWN">
<status status="PASS" start="2025-08-20T15:09:59.570744" elapsed="0.000741"/>
</kw>
<doc>Testa validação sem VS Code configurado.</doc>
<status status="PASS" start="2025-08-20T15:09:59.566746" elapsed="0.004833"/>
</test>
<test id="s1-s1-s3-s1-t22" name="test_validate_vscode_integration_with_vscode">
<kw name="Setup" owner="pytest_robotframework._internal.robot.library" type="SETUP">
<status status="PASS" start="2025-08-20T15:09:59.573412" elapsed="0.001092"/>
</kw>
<kw name="Run Test" owner="pytest_robotframework._internal.robot.library">
<status status="PASS" start="2025-08-20T15:09:59.574739" elapsed="0.001256"/>
</kw>
<kw name="Teardown" owner="pytest_robotframework._internal.robot.library" type="TEARDOWN">
<status status="PASS" start="2025-08-20T15:09:59.576373" elapsed="0.000994"/>
</kw>
<doc>Testa validação com VS Code configurado.</doc>
<status status="PASS" start="2025-08-20T15:09:59.571960" elapsed="0.005524"/>
</test>
<test id="s1-s1-s3-s1-t23" name="test_list_configured_chatmodes_empty">
<kw name="Setup" owner="pytest_robotframework._internal.robot.library" type="SETUP">
<status status="PASS" start="2025-08-20T15:09:59.579404" elapsed="0.001398"/>
</kw>
<kw name="Run Test" owner="pytest_robotframework._internal.robot.library">
<status status="PASS" start="2025-08-20T15:09:59.581023" elapsed="0.000842"/>
</kw>
<kw name="Teardown" owner="pytest_robotframework._internal.robot.library" type="TEARDOWN">
<status status="PASS" start="2025-08-20T15:09:59.582206" elapsed="0.000758"/>
</kw>
<doc>Testa listagem com diretório vazio.</doc>
<status status="PASS" start="2025-08-20T15:09:59.577910" elapsed="0.005151"/>
</test>
<test id="s1-s1-s3-s1-t24" name="test_list_configured_chatmodes_with_data">
<kw name="Setup" owner="pytest_robotframework._internal.robot.library" type="SETUP">
<status status="PASS" start="2025-08-20T15:09:59.584911" elapsed="0.001314"/>
</kw>
<kw name="Run Test" owner="pytest_robotframework._internal.robot.library">
<status status="PASS" start="2025-08-20T15:09:59.586448" elapsed="0.001635"/>
</kw>
<kw name="Teardown" owner="pytest_robotframework._internal.robot.library" type="TEARDOWN">
<status status="PASS" start="2025-08-20T15:09:59.588507" elapsed="0.001883"/>
</kw>
<doc>Testa listagem com chatmodes configurados.</doc>
<status status="PASS" start="2025-08-20T15:09:59.583450" elapsed="0.007157"/>
</test>
<test id="s1-s1-s3-s1-t25" name="test_get_configuration_report">
<kw name="Setup" owner="pytest_robotframework._internal.robot.library" type="SETUP">
<status status="PASS" start="2025-08-20T15:09:59.594286" elapsed="0.002984"/>
</kw>
<kw name="Run Test" owner="pytest_robotframework._internal.robot.library">
<status status="PASS" start="2025-08-20T15:09:59.597688" elapsed="0.002834"/>
</kw>
<kw name="Teardown" owner="pytest_robotframework._internal.robot.library" type="TEARDOWN">
<status status="PASS" start="2025-08-20T15:09:59.601083" elapsed="0.001645"/>
</kw>
<doc>Testa geração de relatório de configuração.</doc>
<status status="PASS" start="2025-08-20T15:09:59.591420" elapsed="0.011488"/>
</test>
<test id="s1-s1-s3-s1-t26" name="test_chatmode_configurator_integration_full_cycle">
<kw name="Setup" owner="pytest_robotframework._internal.robot.library" type="SETUP">
<status status="PASS" start="2025-08-20T15:09:59.606802" elapsed="0.002741"/>
</kw>
<kw name="Run Test" owner="pytest_robotframework._internal.robot.library">
<status status="PASS" start="2025-08-20T15:09:59.609915" elapsed="0.007887"/>
</kw>
<kw name="Teardown" owner="pytest_robotframework._internal.robot.library" type="TEARDOWN">
<status status="PASS" start="2025-08-20T15:09:59.618470" elapsed="0.001963"/>
</kw>
<doc>Teste de integração do ciclo completo.</doc>
<status status="PASS" start="2025-08-20T15:09:59.603568" elapsed="0.017048"/>
</test>
<doc>Testes abrangentes para ChatModeConfigurator.</doc>
<status status="PASS" start="2025-08-20T15:09:59.434035" elapsed="0.187664"/>
</suite>
<doc>Testes para ChatModeConfigurator - História 2.3
Configuração de ChatModes para GitHub Copilot</doc>
<status status="PASS" start="2025-08-20T15:09:59.431830" elapsed="0.191228"/>
</suite>
<suite id="s1-s1-s4" name="Test Config Generator" source="/jtech/projects/code/jtech-kpi/jtech-installer/tests/unit/test_config_generator.py">
<suite id="s1-s1-s4-s1" name="TestConfigGenerator" source="/jtech/projects/code/jtech-kpi/jtech-installer/tests/unit/test_config_generator.py">
<test id="s1-s1-s4-s1-t1" name="test_generate_config_ide_minimal">
<kw name="Setup" owner="pytest_robotframework._internal.robot.library" type="SETUP">
<status status="PASS" start="2025-08-20T15:09:59.631244" elapsed="0.001148"/>
</kw>
<kw name="Run Test" owner="pytest_robotframework._internal.robot.library">
<status status="PASS" start="2025-08-20T15:09:59.632615" elapsed="0.001103"/>
</kw>
<kw name="Teardown" owner="pytest_robotframework._internal.robot.library" type="TEARDOWN">
<status status="PASS" start="2025-08-20T15:09:59.634074" elapsed="0.000714"/>
</kw>
<doc>Testa geração de configuração para equipe IDE minimal.</doc>
<status status="PASS" start="2025-08-20T15:09:59.628709" elapsed="0.006176"/>
</test>
<test id="s1-s1-s4-s1-t2" name="test_generate_config_fullstack">
<kw name="Setup" owner="pytest_robotframework._internal.robot.library" type="SETUP">
<status status="PASS" start="2025-08-20T15:09:59.636662" elapsed="0.000962"/>
</kw>
<kw name="Run Test" owner="pytest_robotframework._internal.robot.library">
<status status="PASS" start="2025-08-20T15:09:59.637855" elapsed="0.001215"/>
</kw>
<kw name="Teardown" owner="pytest_robotframework._internal.robot.library" type="TEARDOWN">
<status status="PASS" start="2025-08-20T15:09:59.639520" elapsed="0.000934"/>
</kw>
<doc>Testa geração de configuração para equipe full-stack.</doc>
<status status="PASS" start="2025-08-20T15:09:59.635260" elapsed="0.005324"/>
</test>
<test id="s1-s1-s4-s1-t3" name="test_brownfield_detection">
<kw name="Setup" owner="pytest_robotframework._internal.robot.library" type="SETUP">
<status status="PASS" start="2025-08-20T15:09:59.642776" elapsed="0.000814"/>
</kw>
<kw name="Run Test" owner="pytest_robotframework._internal.robot.library">
<status status="PASS" start="2025-08-20T15:09:59.643805" elapsed="0.001266"/>
</kw>
<kw name="Teardown" owner="pytest_robotframework._internal.robot.library" type="TEARDOWN">
<status status="PASS" start="2025-08-20T15:09:59.645361" elapsed="0.000550"/>
</kw>
<doc>Testa detecção de projeto brownfield.</doc>
<status status="PASS" start="2025-08-20T15:09:59.641092" elapsed="0.004913"/>
</test>
<test id="s1-s1-s4-s1-t4" name="test_write_config">
<kw name="Setup" owner="pytest_robotframework._internal.robot.library" type="SETUP">
<status status="PASS" start="2025-08-20T15:09:59.647903" elapsed="0.001103"/>
</kw>
<kw name="Run Test" owner="pytest_robotframework._internal.robot.library">
<status status="PASS" start="2025-08-20T15:09:59.649239" elapsed="0.007434"/>
</kw>
<kw name="Teardown" owner="pytest_robotframework._internal.robot.library" type="TEARDOWN">
<status status="PASS" start="2025-08-20T15:09:59.657043" elapsed="0.000831"/>
</kw>
<doc>Testa escrita do arquivo de configuração.</doc>
<status status="PASS" start="2025-08-20T15:09:59.646391" elapsed="0.011583"/>
</test>
<test id="s1-s1-s4-s1-t5" name="test_validate_config_valid">
<kw name="Setup" owner="pytest_robotframework._internal.robot.library" type="SETUP">
<status status="PASS" start="2025-08-20T15:09:59.659769" elapsed="0.001165"/>
</kw>
<kw name="Run Test" owner="pytest_robotframework._internal.robot.library">
<status status="PASS" start="2025-08-20T15:09:59.661178" elapsed="0.001005"/>
</kw>
<kw name="Teardown" owner="pytest_robotframework._internal.robot.library" type="TEARDOWN">
<status status="PASS" start="2025-08-20T15:09:59.662507" elapsed="0.000737"/>
</kw>
<doc>Testa validação de configuração válida.</doc>
<status status="PASS" start="2025-08-20T15:09:59.658351" elapsed="0.004988"/>
</test>
<test id="s1-s1-s4-s1-t6" name="test_validate_config_invalid">
<kw name="Setup" owner="pytest_robotframework._internal.robot.library" type="SETUP">
<status status="PASS" start="2025-08-20T15:09:59.665104" elapsed="0.000751"/>
</kw>
<kw name="Run Test" owner="pytest_robotframework._internal.robot.library">
<status status="PASS" start="2025-08-20T15:09:59.666094" elapsed="0.001003"/>
</kw>
<kw name="Teardown" owner="pytest_robotframework._internal.robot.library" type="TEARDOWN">
<status status="PASS" start="2025-08-20T15:09:59.667419" elapsed="0.000587"/>
</kw>
<doc>Testa validação de configuração inválida.</doc>
<status status="PASS" start="2025-08-20T15:09:59.663717" elapsed="0.004382"/>
</test>
<test id="s1-s1-s4-s1-t7" name="test_team_all_config">
<kw name="Setup" owner="pytest_robotframework._internal.robot.library" type="SETUP">
<status status="PASS" start="2025-08-20T15:09:59.670271" elapsed="0.000897"/>
</kw>
<kw name="Run Test" owner="pytest_robotframework._internal.robot.library">
<status status="PASS" start="2025-08-20T15:09:59.671394" elapsed="0.001777"/>
</kw>
<kw name="Teardown" owner="pytest_robotframework._internal.robot.library" type="TEARDOWN">
<status status="PASS" start="2025-08-20T15:09:59.673653" elapsed="0.000760"/>
</kw>
<doc>Testa configuração para equipe completa.</doc>
<status status="PASS" start="2025-08-20T15:09:59.668480" elapsed="0.006087"/>
</test>
<test id="s1-s1-s4-s1-t8" name="test_no_ui_team_config">
<kw name="Setup" owner="pytest_robotframework._internal.robot.library" type="SETUP">
<status status="PASS" start="2025-08-20T15:09:59.676572" elapsed="0.000871"/>
</kw>
<kw name="Run Test" owner="pytest_robotframework._internal.robot.library">
<status status="PASS" start="2025-08-20T15:09:59.677656" elapsed="0.001146"/>
</kw>
<kw name="Teardown" owner="pytest_robotframework._internal.robot.library" type="TEARDOWN">
<status status="PASS" start="2025-08-20T15:09:59.679108" elapsed="0.000486"/>
</kw>
<doc>Testa configuração para equipe sem UI.</doc>
<status status="PASS" start="2025-08-20T15:09:59.675036" elapsed="0.004645"/>
</test>
<test id="s1-s1-s4-s1-t9" name="test_project_type_detection">
<kw name="Setup" owner="pytest_robotframework._internal.robot.library" type="SETUP">
<status status="PASS" start="2025-08-20T15:09:59.681712" elapsed="0.001015"/>
</kw>
<kw name="Run Test" owner="pytest_robotframework._internal.robot.library">
<status status="PASS" start="2025-08-20T15:09:59.682961" elapsed="0.001425"/>
</kw>
<kw name="Teardown" owner="pytest_robotframework._internal.robot.library" type="TEARDOWN">
<status status="PASS" start="2025-08-20T15:09:59.684723" elapsed="0.000737"/>
</kw>
<doc>Testa detecção do tipo de projeto.</doc>
<status status="PASS" start="2025-08-20T15:09:59.680069" elapsed="0.005486"/>
</test>
<doc>Testes para ConfigGenerator.</doc>
<status status="PASS" start="2025-08-20T15:09:59.626518" elapsed="0.059567"/>
</suite>
<doc>Testes para o gerador de configuração.</doc>
<status status="PASS" start="2025-08-20T15:09:59.623656" elapsed="0.063198"/>
</suite>
<suite id="s1-s1-s5" name="Test Environment Analyzer" source="/jtech/projects/code/jtech-kpi/jtech-installer/tests/unit/test_environment_analyzer.py">
<suite id="s1-s1-s5-s1" name="TestAdvancedEnvironmentAnalyzer" source="/jtech/projects/code/jtech-kpi/jtech-installer/tests/unit/test_environment_analyzer.py">
<test id="s1-s1-s5-s1-t1" name="test_analyzer_initialization">
<kw name="Setup" owner="pytest_robotframework._internal.robot.library" type="SETUP">
<status status="PASS" start="2025-08-20T15:09:59.694808" elapsed="0.001344"/>
</kw>
<kw name="Run Test" owner="pytest_robotframework._internal.robot.library">
<status status="PASS" start="2025-08-20T15:09:59.696398" elapsed="0.000770"/>
</kw>
<kw name="Teardown" owner="pytest_robotframework._internal.robot.library" type="TEARDOWN">
<status status="PASS" start="2025-08-20T15:09:59.697478" elapsed="0.000642"/>
</kw>
<doc>Testa inicialização do analisador.</doc>
<status status="PASS" start="2025-08-20T15:09:59.692156" elapsed="0.006047"/>
</test>
<test id="s1-s1-s5-s1-t2" name="test_detect_python_project">
<kw name="Setup" owner="pytest_robotframework._internal.robot.library" type="SETUP">
<status status="PASS" start="2025-08-20T15:09:59.699930" elapsed="0.000991"/>
</kw>
<kw name="Run Test" owner="pytest_robotframework._internal.robot.library">
<status status="PASS" start="2025-08-20T15:09:59.701145" elapsed="0.037752"/>
</kw>
<kw name="Teardown" owner="pytest_robotframework._internal.robot.library" type="TEARDOWN">
<status status="PASS" start="2025-08-20T15:09:59.739263" elapsed="0.000845"/>
</kw>
<doc>Testa detecção de projeto Python.</doc>
<status status="PASS" start="2025-08-20T15:09:59.698572" elapsed="0.041630"/>
</test>
<test id="s1-s1-s5-s1-t3" name="test_detect_javascript_project">
<kw name="Setup" owner="pytest_robotframework._internal.robot.library" type="SETUP">
<status status="PASS" start="2025-08-20T15:09:59.741957" elapsed="0.000969"/>
</kw>
<kw name="Run Test" owner="pytest_robotframework._internal.robot.library">
<status status="PASS" start="2025-08-20T15:09:59.743115" elapsed="0.007214"/>
</kw>
<kw name="Teardown" owner="pytest_robotframework._internal.robot.library" type="TEARDOWN">
<status status="PASS" start="2025-08-20T15:09:59.750702" elapsed="0.000810"/>
</kw>
<doc>Testa detecção de projeto JavaScript.</doc>
<status status="PASS" start="2025-08-20T15:09:59.740581" elapsed="0.011021"/>
</test>
<test id="s1-s1-s5-s1-t4" name="test_detect_mixed_project">
<kw name="Setup" owner="pytest_robotframework._internal.robot.library" type="SETUP">
<status status="PASS" start="2025-08-20T15:09:59.753400" elapsed="0.001152"/>
</kw>
<kw name="Run Test" owner="pytest_robotframework._internal.robot.library">
<status status="PASS" start="2025-08-20T15:09:59.754789" elapsed="0.004380"/>
</kw>
<kw name="Teardown" owner="pytest_robotframework._internal.robot.library" type="TEARDOWN">
<status status="PASS" start="2025-08-20T15:09:59.759577" elapsed="0.000945"/>
</kw>
<doc>Testa detecção de projeto misto.</doc>
<status status="PASS" start="2025-08-20T15:09:59.752000" elapsed="0.008625"/>
</test>
<test id="s1-s1-s5-s1-t5" name="test_is_brownfield_detection">
<kw name="Setup" owner="pytest_robotframework._internal.robot.library" type="SETUP">
<status status="PASS" start="2025-08-20T15:09:59.762526" elapsed="0.001134"/>
</kw>
<kw name="Run Test" owner="pytest_robotframework._internal.robot.library">
<status status="PASS" start="2025-08-20T15:09:59.763896" elapsed="0.000966"/>
</kw>
<kw name="Teardown" owner="pytest_robotframework._internal.robot.library" type="TEARDOWN">
<status status="PASS" start="2025-08-20T15:09:59.765309" elapsed="0.000876"/>
</kw>
<doc>Testa detecção de projeto brownfield.</doc>
<status status="PASS" start="2025-08-20T15:09:59.761042" elapsed="0.005246"/>
</test>
<test id="s1-s1-s5-s1-t6" name="test_detect_config_conflicts">
<kw name="Setup" owner="pytest_robotframework._internal.robot.library" type="SETUP">
<status status="PASS" start="2025-08-20T15:09:59.768203" elapsed="0.001060"/>
</kw>
<kw name="Run Test" owner="pytest_robotframework._internal.robot.library">
<status status="PASS" start="2025-08-20T15:09:59.769453" elapsed="0.001220"/>
</kw>
<kw name="Teardown" owner="pytest_robotframework._internal.robot.library" type="TEARDOWN">
<status status="PASS" start="2025-08-20T15:09:59.771042" elapsed="0.001022"/>
</kw>
<doc>Testa detecção de conflitos de configuração.</doc>
<status status="PASS" start="2025-08-20T15:09:59.766702" elapsed="0.005481"/>
</test>
<test id="s1-s1-s5-s1-t7" name="test_detect_directory_conflicts">
<kw name="Setup" owner="pytest_robotframework._internal.robot.library" type="SETUP">
<status status="PASS" start="2025-08-20T15:09:59.774213" elapsed="0.001119"/>
</kw>
<kw name="Run Test" owner="pytest_robotframework._internal.robot.library">
<status status="PASS" start="2025-08-20T15:09:59.775566" elapsed="0.001296"/>
</kw>
<kw name="Teardown" owner="pytest_robotframework._internal.robot.library" type="TEARDOWN">
<status status="PASS" start="2025-08-20T15:09:59.777148" elapsed="0.000839"/>
</kw>
<doc>Testa detecção de conflitos de diretório.</doc>
<status status="PASS" start="2025-08-20T15:09:59.772618" elapsed="0.005463"/>
</test>
<test id="s1-s1-s5-s1-t8" name="test_detect_vscode_conflicts">
<kw name="Setup" owner="pytest_robotframework._internal.robot.library" type="SETUP">
<status status="PASS" start="2025-08-20T15:09:59.780101" elapsed="0.001158"/>
</kw>
<kw name="Run Test" owner="pytest_robotframework._internal.robot.library">
<status status="PASS" start="2025-08-20T15:09:59.781490" elapsed="0.001411"/>
</kw>
<kw name="Teardown" owner="pytest_robotframework._internal.robot.library" type="TEARDOWN">
<status status="PASS" start="2025-08-20T15:09:59.783273" elapsed="0.001045"/>
</kw>
<doc>Testa detecção de conflitos do VS Code.</doc>
<status status="PASS" start="2025-08-20T15:09:59.778489" elapsed="0.005935"/>
</test>
<test id="s1-s1-s5-s1-t9" name="test_suggest_team_type">
<kw name="Setup" owner="pytest_robotframework._internal.robot.library" type="SETUP">
<status status="PASS" start="2025-08-20T15:09:59.786531" elapsed="0.001180"/>
</kw>
<kw name="Run Test" owner="pytest_robotframework._internal.robot.library">
<status status="PASS" start="2025-08-20T15:09:59.787966" elapsed="0.000856"/>
</kw>
<kw name="Teardown" owner="pytest_robotframework._internal.robot.library" type="TEARDOWN">
<status status="PASS" start="2025-08-20T15:09:59.789160" elapsed="0.000876"/>
</kw>
<doc>Testa sugestão de tipo de equipe.</doc>
<status status="PASS" start="2025-08-20T15:09:59.784877" elapsed="0.005250"/>
</test>
<test id="s1-s1-s5-s1-t10" name="test_calculate_compatibility_score">
<kw name="Setup" owner="pytest_robotframework._internal.robot.library" type="SETUP">
<status status="PASS" start="2025-08-20T15:09:59.791960" elapsed="0.001195"/>
</kw>
<kw name="Run Test" owner="pytest_robotframework._internal.robot.library">
<status status="PASS" start="2025-08-20T15:09:59.793400" elapsed="0.000806"/>
</kw>
<kw name="Teardown" owner="pytest_robotframework._internal.robot.library" type="TEARDOWN">
<status status="PASS" start="2025-08-20T15:09:59.794510" elapsed="0.000776"/>
</kw>
<doc>Testa cálculo do score de compatibilidade.</doc>
<status status="PASS" start="2025-08-20T15:09:59.790517" elapsed="0.004858"/>
</test>
<test id="s1-s1-s5-s1-t11" name="test_generate_recommendations">
<kw name="Setup" owner="pytest_robotframework._internal.robot.library" type="SETUP">
<status status="PASS" start="2025-08-20T15:09:59.797185" elapsed="0.001014"/>
</kw>
<kw name="Run Test" owner="pytest_robotframework._internal.robot.library">
<status status="PASS" start="2025-08-20T15:09:59.798412" elapsed="0.000801"/>
</kw>
<kw name="Teardown" owner="pytest_robotframework._internal.robot.library" type="TEARDOWN">
<status status="PASS" start="2025-08-20T15:09:59.799525" elapsed="0.000778"/>
</kw>
<doc>Testa geração de recomendações.</doc>
<status status="PASS" start="2025-08-20T15:09:59.795777" elapsed="0.004622"/>
</test>
<test id="s1-s1-s5-s1-t12" name="test_full_environment_analysis">
<kw name="Setup" owner="pytest_robotframework._internal.robot.library" type="SETUP">
<status status="PASS" start="2025-08-20T15:09:59.802240" elapsed="0.001054"/>
</kw>
<kw name="Run Test" owner="pytest_robotframework._internal.robot.library">
<status status="PASS" start="2025-08-20T15:09:59.803496" elapsed="0.004973"/>
</kw>
<kw name="Teardown" owner="pytest_robotframework._internal.robot.library" type="TEARDOWN">
<status status="PASS" start="2025-08-20T15:09:59.808826" elapsed="0.000957"/>
</kw>
<doc>Testa análise completa do ambiente.</doc>
<status status="PASS" start="2025-08-20T15:09:59.800830" elapsed="0.009059"/>
</test>
<test id="s1-s1-s5-s1-t13" name="test_should_ignore_file">
<kw name="Setup" owner="pytest_robotframework._internal.robot.library" type="SETUP">
<status status="PASS" start="2025-08-20T15:09:59.811783" elapsed="0.001192"/>
</kw>
<kw name="Run Test" owner="pytest_robotframework._internal.robot.library">
<status status="PASS" start="2025-08-20T15:09:59.813248" elapsed="0.002841"/>
</kw>
<kw name="Teardown" owner="pytest_robotframework._internal.robot.library" type="TEARDOWN">
<status status="PASS" start="2025-08-20T15:09:59.816433" elapsed="0.001159"/>
</kw>
<doc>Testa se arquivos devem ser ignorados.</doc>
<status status="PASS" start="2025-08-20T15:09:59.810304" elapsed="0.007384"/>
</test>
<test id="s1-s1-s5-s1-t14" name="test_is_config_file">
<kw name="Setup" owner="pytest_robotframework._internal.robot.library" type="SETUP">
<status status="PASS" start="2025-08-20T15:09:59.819740" elapsed="0.001278"/>
</kw>
<kw name="Run Test" owner="pytest_robotframework._internal.robot.library">
<status status="PASS" start="2025-08-20T15:09:59.821268" elapsed="0.000946"/>
</kw>
<kw name="Teardown" owner="pytest_robotframework._internal.robot.library" type="TEARDOWN">
<status status="PASS" start="2025-08-20T15:09:59.822573" elapsed="0.000778"/>
</kw>
<doc>Testa detecção de arquivos de configuração.</doc>
<status status="PASS" start="2025-08-20T15:09:59.818144" elapsed="0.005299"/>
</test>
<test id="s1-s1-s5-s1-t15" name="test_analyze_git_info">
<kw name="Setup" owner="pytest_robotframework._internal.robot.library" type="SETUP">
<status status="PASS" start="2025-08-20T15:09:59.825287" elapsed="0.001167"/>
</kw>
<kw name="Run Test" owner="pytest_robotframework._internal.robot.library">
<status status="PASS" start="2025-08-20T15:09:59.826712" elapsed="0.001324"/>
</kw>
<kw name="Teardown" owner="pytest_robotframework._internal.robot.library" type="TEARDOWN">
<status status="PASS" start="2025-08-20T15:09:59.828378" elapsed="0.000902"/>
</kw>
<doc>Testa análise de informações do Git.</doc>
<status status="PASS" start="2025-08-20T15:09:59.823849" elapsed="0.005528"/>
</test>
<test id="s1-s1-s5-s1-t16" name="test_parse_package_json">
<kw name="Setup" owner="pytest_robotframework._internal.robot.library" type="SETUP">
<status status="PASS" start="2025-08-20T15:09:59.831226" elapsed="0.001087"/>
</kw>
<kw name="Run Test" owner="pytest_robotframework._internal.robot.library">
<status status="PASS" start="2025-08-20T15:09:59.832523" elapsed="0.003975"/>
</kw>
<kw name="Teardown" owner="pytest_robotframework._internal.robot.library" type="TEARDOWN">
<status status="PASS" start="2025-08-20T15:09:59.836863" elapsed="0.000801"/>
</kw>
<doc>Testa parsing de package.json.</doc>
<status status="PASS" start="2025-08-20T15:09:59.829804" elapsed="0.007965"/>
</test>
<test id="s1-s1-s5-s1-t17" name="test_parse_requirements_txt">
<kw name="Setup" owner="pytest_robotframework._internal.robot.library" type="SETUP">
<status status="PASS" start="2025-08-20T15:09:59.839788" elapsed="0.001404"/>
</kw>
<kw name="Run Test" owner="pytest_robotframework._internal.robot.library">
<status status="PASS" start="2025-08-20T15:09:59.841458" elapsed="0.001229"/>
</kw>
<kw name="Teardown" owner="pytest_robotframework._internal.robot.library" type="TEARDOWN">
<status status="PASS" start="2025-08-20T15:09:59.843050" elapsed="0.000844"/>
</kw>
<doc>Testa parsing de requirements.txt.</doc>
<status status="PASS" start="2025-08-20T15:09:59.838173" elapsed="0.005823"/>
</test>
<doc>Testes para o AdvancedEnvironmentAnalyzer.</doc>
<status status="PASS" start="2025-08-20T15:09:59.690182" elapsed="0.154396"/>
</suite>
<doc>Testes para o analisador avançado de ambiente.</doc>
<status status="PASS" start="2025-08-20T15:09:59.687336" elapsed="0.157907"/>
</suite>
<suite id="s1-s1-s6" name="Test Integrity Validator" source="/jtech/projects/code/jtech-kpi/jtech-installer/tests/unit/test_integrity_validator.py">
<suite id="s1-s1-s6-s1" name="TestIntegrityValidator" source="/jtech/projects/code/jtech-kpi/jtech-installer/tests/unit/test_integrity_validator.py">
<test id="s1-s1-s6-s1-t1" name="test_integrity_validator_initialization">
<kw name="Setup" owner="pytest_robotframework._internal.robot.library" type="SETUP">
<status status="PASS" start="2025-08-20T15:09:59.852077" elapsed="0.000995"/>
</kw>
<kw name="Run Test" owner="pytest_robotframework._internal.robot.library">
<status status="PASS" start="2025-08-20T15:09:59.853288" elapsed="0.000824"/>
</kw>
<kw name="Teardown" owner="pytest_robotframework._internal.robot.library" type="TEARDOWN">
<status status="PASS" start="2025-08-20T15:09:59.854434" elapsed="0.000720"/>
</kw>
<doc>Testa inicialização do IntegrityValidator.</doc>
<status status="PASS" start="2025-08-20T15:09:59.849707" elapsed="0.005546"/>
</test>
<test id="s1-s1-s6-s1-t2" name="test_integrity_check_result_creation">
<kw name="Setup" owner="pytest_robotframework._internal.robot.library" type="SETUP">
<status status="PASS" start="2025-08-20T15:09:59.857242" elapsed="0.000919"/>
</kw>
<kw name="Run Test" owner="pytest_robotframework._internal.robot.library">
<status status="PASS" start="2025-08-20T15:09:59.858369" elapsed="0.000708"/>
</kw>
<kw name="Teardown" owner="pytest_robotframework._internal.robot.library" type="TEARDOWN">
<status status="PASS" start="2025-08-20T15:09:59.859381" elapsed="0.000507"/>
</kw>
<doc>Testa criação de IntegrityCheckResult.</doc>
<status status="PASS" start="2025-08-20T15:09:59.855687" elapsed="0.004286"/>
</test>
<test id="s1-s1-s6-s1-t3" name="test_validate_directory_structure_missing_dirs">
<kw name="Setup" owner="pytest_robotframework._internal.robot.library" type="SETUP">
<status status="PASS" start="2025-08-20T15:09:59.861878" elapsed="0.001005"/>
</kw>
<kw name="Run Test" owner="pytest_robotframework._internal.robot.library">
<status status="PASS" start="2025-08-20T15:09:59.863102" elapsed="0.001027"/>
</kw>
<kw name="Teardown" owner="pytest_robotframework._internal.robot.library" type="TEARDOWN">
<status status="PASS" start="2025-08-20T15:09:59.864415" elapsed="0.000615"/>
</kw>
<doc>Testa validação quando diretórios estão faltando.</doc>
<status status="PASS" start="2025-08-20T15:09:59.860364" elapsed="0.004753"/>
</test>
<test id="s1-s1-s6-s1-t4" name="test_validate_directory_structure_with_dirs">
<kw name="Setup" owner="pytest_robotframework._internal.robot.library" type="SETUP">
<status status="PASS" start="2025-08-20T15:09:59.866935" elapsed="0.000878"/>
</kw>
<kw name="Run Test" owner="pytest_robotframework._internal.robot.library">
<status status="PASS" start="2025-08-20T15:09:59.868018" elapsed="0.001170"/>
</kw>
<kw name="Teardown" owner="pytest_robotframework._internal.robot.library" type="TEARDOWN">
<status status="PASS" start="2025-08-20T15:09:59.869507" elapsed="0.000778"/>
</kw>
<doc>Testa validação quando diretórios existem.</doc>
<status status="PASS" start="2025-08-20T15:09:59.865512" elapsed="0.004867"/>
</test>
<test id="s1-s1-s6-s1-t5" name="test_validate_config_files_missing">
<kw name="Setup" owner="pytest_robotframework._internal.robot.library" type="SETUP">
<status status="PASS" start="2025-08-20T15:09:59.872268" elapsed="0.001025"/>
</kw>
<kw name="Run Test" owner="pytest_robotframework._internal.robot.library">
<status status="PASS" start="2025-08-20T15:09:59.873512" elapsed="0.000927"/>
</kw>
<kw name="Teardown" owner="pytest_robotframework._internal.robot.library" type="TEARDOWN">
<status status="PASS" start="2025-08-20T15:09:59.874772" elapsed="0.000717"/>
</kw>
<doc>Testa validação quando arquivos de config estão faltando.</doc>
<status status="PASS" start="2025-08-20T15:09:59.870813" elapsed="0.004774"/>
</test>
<test id="s1-s1-s6-s1-t6" name="test_validate_config_files_existing">
<kw name="Setup" owner="pytest_robotframework._internal.robot.library" type="SETUP">
<status status="PASS" start="2025-08-20T15:09:59.877571" elapsed="0.000958"/>
</kw>
<kw name="Run Test" owner="pytest_robotframework._internal.robot.library">
<status status="PASS" start="2025-08-20T15:09:59.878741" elapsed="0.001138"/>
</kw>
<kw name="Teardown" owner="pytest_robotframework._internal.robot.library" type="TEARDOWN">
<status status="PASS" start="2025-08-20T15:09:59.880213" elapsed="0.000811"/>
</kw>
<doc>Testa validação quando arquivos de config existem.</doc>
<status status="PASS" start="2025-08-20T15:09:59.876098" elapsed="0.005020"/>
</test>
<test id="s1-s1-s6-s1-t7" name="test_validate_config_files_no_vscode">
<kw name="Setup" owner="pytest_robotframework._internal.robot.library" type="SETUP">
<status status="PASS" start="2025-08-20T15:09:59.883027" elapsed="0.001033"/>
</kw>
<kw name="Run Test" owner="pytest_robotframework._internal.robot.library">
<status status="PASS" start="2025-08-20T15:09:59.884286" elapsed="0.000960"/>
</kw>
<kw name="Teardown" owner="pytest_robotframework._internal.robot.library" type="TEARDOWN">
<status status="PASS" start="2025-08-20T15:09:59.885691" elapsed="0.000745"/>
</kw>
<doc>Testa validação quando VS Code está desabilitado.</doc>
<status status="PASS" start="2025-08-20T15:09:59.881526" elapsed="0.005013"/>
</test>
<test id="s1-s1-s6-s1-t8" name="test_validate_agents_missing_directory">
<kw name="Setup" owner="pytest_robotframework._internal.robot.library" type="SETUP">
<status status="PASS" start="2025-08-20T15:09:59.888564" elapsed="0.001387"/>
</kw>
<kw name="Run Test" owner="pytest_robotframework._internal.robot.library">
<status status="PASS" start="2025-08-20T15:09:59.890229" elapsed="0.000977"/>
</kw>
<kw name="Teardown" owner="pytest_robotframework._internal.robot.library" type="TEARDOWN">
<status status="PASS" start="2025-08-20T15:09:59.891544" elapsed="0.000724"/>
</kw>
<doc>Testa validação quando diretório de agentes não existe.</doc>
<status status="PASS" start="2025-08-20T15:09:59.887040" elapsed="0.005328"/>
</test>
<test id="s1-s1-s6-s1-t9" name="test_validate_agents_with_agents">
<kw name="Setup" owner="pytest_robotframework._internal.robot.library" type="SETUP">
<status status="PASS" start="2025-08-20T15:09:59.894267" elapsed="0.000934"/>
</kw>
<kw name="Run Test" owner="pytest_robotframework._internal.robot.library">
<status status="PASS" start="2025-08-20T15:09:59.895433" elapsed="0.001285"/>
</kw>
<kw name="Teardown" owner="pytest_robotframework._internal.robot.library" type="TEARDOWN">
<status status="PASS" start="2025-08-20T15:09:59.897086" elapsed="0.000895"/>
</kw>
<doc>Testa validação quando agentes existem.</doc>
<status status="PASS" start="2025-08-20T15:09:59.892822" elapsed="0.005263"/>
</test>
<test id="s1-s1-s6-s1-t10" name="test_validate_chatmodes_missing_directory">
<kw name="Setup" owner="pytest_robotframework._internal.robot.library" type="SETUP">
<status status="PASS" start="2025-08-20T15:09:59.899989" elapsed="0.000930"/>
</kw>
<kw name="Run Test" owner="pytest_robotframework._internal.robot.library">
<status status="PASS" start="2025-08-20T15:09:59.901127" elapsed="0.000771"/>
</kw>
<kw name="Teardown" owner="pytest_robotframework._internal.robot.library" type="TEARDOWN">
<status status="PASS" start="2025-08-20T15:09:59.902173" elapsed="0.000609"/>
</kw>
<doc>Testa validação quando diretório chatmodes não existe.</doc>
<status status="PASS" start="2025-08-20T15:09:59.898526" elapsed="0.004346"/>
</test>
<test id="s1-s1-s6-s1-t11" name="test_validate_chatmodes_with_chatmodes">
<kw name="Setup" owner="pytest_robotframework._internal.robot.library" type="SETUP">
<status status="PASS" start="2025-08-20T15:09:59.904902" elapsed="0.000976"/>
</kw>
<kw name="Run Test" owner="pytest_robotframework._internal.robot.library">
<status status="PASS" start="2025-08-20T15:09:59.906123" elapsed="0.001274"/>
</kw>
<kw name="Teardown" owner="pytest_robotframework._internal.robot.library" type="TEARDOWN">
<status status="PASS" start="2025-08-20T15:09:59.907700" elapsed="0.000739"/>
</kw>
<doc>Testa validação quando chatmodes existem.</doc>
<status status="PASS" start="2025-08-20T15:09:59.903316" elapsed="0.005230"/>
</test>
<test id="s1-s1-s6-s1-t12" name="test_calculate_file_checksum">
<kw name="Setup" owner="pytest_robotframework._internal.robot.library" type="SETUP">
<status status="PASS" start="2025-08-20T15:09:59.910500" elapsed="0.001041"/>
</kw>
<kw name="Run Test" owner="pytest_robotframework._internal.robot.library">
<status status="PASS" start="2025-08-20T15:09:59.911760" elapsed="0.001090"/>
</kw>
<kw name="Teardown" owner="pytest_robotframework._internal.robot.library" type="TEARDOWN">
<status status="PASS" start="2025-08-20T15:09:59.913173" elapsed="0.000675"/>
</kw>
<doc>Testa cálculo de checksum de arquivo.</doc>
<status status="PASS" start="2025-08-20T15:09:59.908977" elapsed="0.004961"/>
</test>
<test id="s1-s1-s6-s1-t13" name="test_calculate_file_checksum_missing_file">
<kw name="Setup" owner="pytest_robotframework._internal.robot.library" type="SETUP">
<status status="PASS" start="2025-08-20T15:09:59.915772" elapsed="0.000959"/>
</kw>
<kw name="Run Test" owner="pytest_robotframework._internal.robot.library">
<kw name="Raises" owner="pytest">
<arg>&lt;class 'Exception'&gt;</arg>
<doc>Assert that a code block/function call raises an exception type, or one of its subclasses.</doc>
<status status="PASS" start="2025-08-20T15:09:59.918635" elapsed="0.000143"/>
</kw>
<status status="PASS" start="2025-08-20T15:09:59.916956" elapsed="0.002300"/>
</kw>
<kw name="Teardown" owner="pytest_robotframework._internal.robot.library" type="TEARDOWN">
<status status="PASS" start="2025-08-20T15:09:59.919540" elapsed="0.000609"/>
</kw>
<doc>Testa cálculo de checksum de arquivo inexistente.</doc>
<status status="PASS" start="2025-08-20T15:09:59.914346" elapsed="0.005887"/>
</test>
<test id="s1-s1-s6-s1-t14" name="test_verify_checksums_valid">
<kw name="Setup" owner="pytest_robotframework._internal.robot.library" type="SETUP">
<status status="PASS" start="2025-08-20T15:09:59.922241" elapsed="0.001179"/>
</kw>
<kw name="Run Test" owner="pytest_robotframework._internal.robot.library">
<status status="PASS" start="2025-08-20T15:09:59.923689" elapsed="0.001266"/>
</kw>
<kw name="Teardown" owner="pytest_robotframework._internal.robot.library" type="TEARDOWN">
<status status="PASS" start="2025-08-20T15:09:59.925314" elapsed="0.000814"/>
</kw>
<doc>Testa verificação de checksums válidos.</doc>
<status status="PASS" start="2025-08-20T15:09:59.920637" elapsed="0.005592"/>
</test>
<test id="s1-s1-s6-s1-t15" name="test_verify_checksums_invalid">
<kw name="Setup" owner="pytest_robotframework._internal.robot.library" type="SETUP">
<status status="PASS" start="2025-08-20T15:09:59.928109" elapsed="0.000917"/>
</kw>
<kw name="Run Test" owner="pytest_robotframework._internal.robot.library">
<status status="PASS" start="2025-08-20T15:09:59.929256" elapsed="0.001101"/>
</kw>
<kw name="Teardown" owner="pytest_robotframework._internal.robot.library" type="TEARDOWN">
<status status="PASS" start="2025-08-20T15:09:59.930710" elapsed="0.000861"/>
</kw>
<doc>Testa verificação de checksums inválidos.</doc>
<status status="PASS" start="2025-08-20T15:09:59.926663" elapsed="0.005018"/>
</test>
<test id="s1-s1-s6-s1-t16" name="test_validate_all_empty_project">
<kw name="Setup" owner="pytest_robotframework._internal.robot.library" type="SETUP">
<status status="PASS" start="2025-08-20T15:09:59.933645" elapsed="0.000915"/>
</kw>
<kw name="Run Test" owner="pytest_robotframework._internal.robot.library">
<status status="PASS" start="2025-08-20T15:09:59.934777" elapsed="0.001240"/>
</kw>
<kw name="Teardown" owner="pytest_robotframework._internal.robot.library" type="TEARDOWN">
<status status="PASS" start="2025-08-20T15:09:59.936350" elapsed="0.000698"/>
</kw>
<doc>Testa validação completa em projeto vazio.</doc>
<status status="PASS" start="2025-08-20T15:09:59.932162" elapsed="0.004984"/>
</test>
<test id="s1-s1-s6-s1-t17" name="test_validate_all_complete_project">
<kw name="Setup" owner="pytest_robotframework._internal.robot.library" type="SETUP">
<status status="PASS" start="2025-08-20T15:09:59.939236" elapsed="0.001049"/>
</kw>
<kw name="Run Test" owner="pytest_robotframework._internal.robot.library">
<status status="PASS" start="2025-08-20T15:09:59.940544" elapsed="0.002070"/>
</kw>
<kw name="Teardown" owner="pytest_robotframework._internal.robot.library" type="TEARDOWN">
<status status="PASS" start="2025-08-20T15:09:59.942963" elapsed="0.001234"/>
</kw>
<doc>Testa validação completa em projeto completo.</doc>
<status status="PASS" start="2025-08-20T15:09:59.937593" elapsed="0.006725"/>
</test>
<doc>Testes para IntegrityValidator.</doc>
<status status="PASS" start="2025-08-20T15:09:59.847823" elapsed="0.097182"/>
</suite>
<doc>Testes para IntegrityValidator.</doc>
<status status="PASS" start="2025-08-20T15:09:59.845664" elapsed="0.100043"/>
</suite>
<suite id="s1-s1-s7" name="Test Rollback Manager" source="/jtech/projects/code/jtech-kpi/jtech-installer/tests/unit/test_rollback_manager.py">
<suite id="s1-s1-s7-s1" name="TestRollbackManager" source="/jtech/projects/code/jtech-kpi/jtech-installer/tests/unit/test_rollback_manager.py">
<test id="s1-s1-s7-s1-t1" name="test_rollback_manager_initialization">
<kw name="Setup" owner="pytest_robotframework._internal.robot.library" type="SETUP">
<status status="PASS" start="2025-08-20T15:09:59.952722" elapsed="0.001304"/>
</kw>
<kw name="Run Test" owner="pytest_robotframework._internal.robot.library">
<status status="PASS" start="2025-08-20T15:09:59.954260" elapsed="0.000854"/>
</kw>
<kw name="Teardown" owner="pytest_robotframework._internal.robot.library" type="TEARDOWN">
<status status="PASS" start="2025-08-20T15:09:59.955411" elapsed="0.000933"/>
</kw>
<doc>Testa inicialização do gerenciador de rollback.</doc>
<tag>timeout:30</tag>
<status status="PASS" start="2025-08-20T15:09:59.950026" elapsed="0.006417"/>
</test>
<test id="s1-s1-s7-s1-t2" name="test_generate_rollback_id">
<kw name="Setup" owner="pytest_robotframework._internal.robot.library" type="SETUP">
<status status="PASS" start="2025-08-20T15:09:59.958525" elapsed="0.001312"/>
</kw>
<kw name="Run Test" owner="pytest_robotframework._internal.robot.library">
<status status="PASS" start="2025-08-20T15:09:59.960062" elapsed="0.000798"/>
</kw>
<kw name="Teardown" owner="pytest_robotframework._internal.robot.library" type="TEARDOWN">
<status status="PASS" start="2025-08-20T15:09:59.961155" elapsed="0.000712"/>
</kw>
<doc>Testa geração de ID de rollback.</doc>
<tag>timeout:30</tag>
<status status="PASS" start="2025-08-20T15:09:59.956931" elapsed="0.005020"/>
</test>
<test id="s1-s1-s7-s1-t3" name="test_create_rollback_point_config_only">
<kw name="Setup" owner="pytest_robotframework._internal.robot.library" type="SETUP">
<status status="PASS" start="2025-08-20T15:09:59.963908" elapsed="0.001795"/>
</kw>
<kw name="Run Test" owner="pytest_robotframework._internal.robot.library">
<status status="PASS" start="2025-08-20T15:09:59.965985" elapsed="0.031010"/>
</kw>
<kw name="Teardown" owner="pytest_robotframework._internal.robot.library" type="TEARDOWN">
<status status="PASS" start="2025-08-20T15:09:59.997335" elapsed="0.007559"/>
</kw>
<doc>Testa criação de ponto de rollback apenas para configurações.</doc>
<tag>timeout:30</tag>
<status status="PASS" start="2025-08-20T15:09:59.962373" elapsed="0.042640"/>
</test>
<test id="s1-s1-s7-s1-t4" name="test_create_rollback_point_full">
<kw name="Setup" owner="pytest_robotframework._internal.robot.library" type="SETUP">
<status status="PASS" start="2025-08-20T15:10:00.007140" elapsed="0.001871"/>
</kw>
<kw name="Run Test" owner="pytest_robotframework._internal.robot.library">
<status status="PASS" start="2025-08-20T15:10:00.009256" elapsed="0.006808"/>
</kw>
<kw name="Teardown" owner="pytest_robotframework._internal.robot.library" type="TEARDOWN">
<status status="PASS" start="2025-08-20T15:10:00.016409" elapsed="0.001214"/>
</kw>
<doc>Testa criação de ponto de rollback completo.</doc>
<tag>timeout:30</tag>
<status status="PASS" start="2025-08-20T15:10:00.005530" elapsed="0.012194"/>
</test>
<test id="s1-s1-s7-s1-t5" name="test_backup_file_with_checksum">
<kw name="Setup" owner="pytest_robotframework._internal.robot.library" type="SETUP">
<status status="PASS" start="2025-08-20T15:10:00.019708" elapsed="0.001362"/>
</kw>
<kw name="Run Test" owner="pytest_robotframework._internal.robot.library">
<status status="PASS" start="2025-08-20T15:10:00.021328" elapsed="0.002143"/>
</kw>
<kw name="Teardown" owner="pytest_robotframework._internal.robot.library" type="TEARDOWN">
<status status="PASS" start="2025-08-20T15:10:00.023890" elapsed="0.001036"/>
</kw>
<doc>Testa backup de arquivo individual com checksum.</doc>
<tag>timeout:30</tag>
<status status="PASS" start="2025-08-20T15:10:00.018189" elapsed="0.006839"/>
</test>
<test id="s1-s1-s7-s1-t6" name="test_backup_directory">
<kw name="Setup" owner="pytest_robotframework._internal.robot.library" type="SETUP">
<status status="PASS" start="2025-08-20T15:10:00.027091" elapsed="0.001342"/>
</kw>
<kw name="Run Test" owner="pytest_robotframework._internal.robot.library">
<status status="PASS" start="2025-08-20T15:10:00.028691" elapsed="0.001766"/>
</kw>
<kw name="Teardown" owner="pytest_robotframework._internal.robot.library" type="TEARDOWN">
<status status="PASS" start="2025-08-20T15:10:00.030815" elapsed="0.000981"/>
</kw>
<doc>Testa backup de diretório.</doc>
<tag>timeout:30</tag>
<status status="PASS" start="2025-08-20T15:10:00.025500" elapsed="0.006392"/>
</test>
<test id="s1-s1-s7-s1-t7" name="test_rollback_to_point">
<kw name="Setup" owner="pytest_robotframework._internal.robot.library" type="SETUP">
<status status="PASS" start="2025-08-20T15:10:00.033951" elapsed="0.001920"/>
</kw>
<kw name="Run Test" owner="pytest_robotframework._internal.robot.library">
<status status="PASS" start="2025-08-20T15:10:00.036211" elapsed="0.059757"/>
</kw>
<kw name="Teardown" owner="pytest_robotframework._internal.robot.library" type="TEARDOWN">
<status status="PASS" start="2025-08-20T15:10:00.096319" elapsed="0.021655"/>
</kw>
<doc>Testa rollback para um ponto específico.</doc>
<tag>timeout:30</tag>
[...]
<status status="PASS" start="2025-08-20T15:10:03.982190" elapsed="0.000694"/>
</kw>
<doc>Testa detecção de Git não disponível</doc>
<status status="PASS" start="2025-08-20T15:10:03.977726" elapsed="0.005317"/>
</test>
<doc>Testes para SystemDetector</doc>
<status status="PASS" start="2025-08-20T15:10:03.741960" elapsed="0.241828"/>
</suite>
<doc>Testes para o sistema de detecção</doc>
<status status="PASS" start="2025-08-20T15:10:03.739665" elapsed="0.244723"/>
</suite>
<suite id="s1-s1-s10" name="Test Vscode Configurator" source="/jtech/projects/code/jtech-kpi/jtech-installer/tests/unit/test_vscode_configurator.py">
<suite id="s1-s1-s10-s1" name="TestVSCodeConfigurator" source="/jtech/projects/code/jtech-kpi/jtech-installer/tests/unit/test_vscode_configurator.py">
<test id="s1-s1-s10-s1-t1" name="test_init">
<kw name="Setup" owner="pytest_robotframework._internal.robot.library" type="SETUP">
<status status="PASS" start="2025-08-20T15:10:03.991229" elapsed="0.001027"/>
</kw>
<kw name="Run Test" owner="pytest_robotframework._internal.robot.library">
<status status="PASS" start="2025-08-20T15:10:03.992499" elapsed="0.000809"/>
</kw>
<kw name="Teardown" owner="pytest_robotframework._internal.robot.library" type="TEARDOWN">
<status status="PASS" start="2025-08-20T15:10:03.993591" elapsed="0.000600"/>
</kw>
<doc>Testa inicialização do configurador.</doc>
<status status="PASS" start="2025-08-20T15:10:03.988752" elapsed="0.005523"/>
</test>
<test id="s1-s1-s10-s1-t2" name="test_configure_settings_ide_minimal">
<kw name="Setup" owner="pytest_robotframework._internal.robot.library" type="SETUP">
<status status="PASS" start="2025-08-20T15:10:03.996343" elapsed="0.001344"/>
</kw>
<kw name="Run Test" owner="pytest_robotframework._internal.robot.library">
<status status="PASS" start="2025-08-20T15:10:03.997931" elapsed="0.001385"/>
</kw>
<kw name="Teardown" owner="pytest_robotframework._internal.robot.library" type="TEARDOWN">
<status status="PASS" start="2025-08-20T15:10:03.999627" elapsed="0.000709"/>
</kw>
<doc>Testa configuração de settings para IDE minimal.</doc>
<status status="PASS" start="2025-08-20T15:10:03.994744" elapsed="0.005681"/>
</test>
<test id="s1-s1-s10-s1-t3" name="test_configure_settings_fullstack">
<kw name="Setup" owner="pytest_robotframework._internal.robot.library" type="SETUP">
<status status="PASS" start="2025-08-20T15:10:04.002539" elapsed="0.001044"/>
</kw>
<kw name="Run Test" owner="pytest_robotframework._internal.robot.library">
<status status="PASS" start="2025-08-20T15:10:04.003843" elapsed="0.001575"/>
</kw>
<kw name="Teardown" owner="pytest_robotframework._internal.robot.library" type="TEARDOWN">
<status status="PASS" start="2025-08-20T15:10:04.005803" elapsed="0.000863"/>
</kw>
<doc>Testa configuração de settings para fullstack.</doc>
<status status="PASS" start="2025-08-20T15:10:04.000911" elapsed="0.005875"/>
</test>
<test id="s1-s1-s10-s1-t4" name="test_configure_extensions_ide_minimal">
<kw name="Setup" owner="pytest_robotframework._internal.robot.library" type="SETUP">
<status status="PASS" start="2025-08-20T15:10:04.008851" elapsed="0.000923"/>
</kw>
<kw name="Run Test" owner="pytest_robotframework._internal.robot.library">
<status status="PASS" start="2025-08-20T15:10:04.010010" elapsed="0.001420"/>
</kw>
<kw name="Teardown" owner="pytest_robotframework._internal.robot.library" type="TEARDOWN">
<status status="PASS" start="2025-08-20T15:10:04.011789" elapsed="0.000776"/>
</kw>
<doc>Testa configuração de extensões para IDE minimal.</doc>
<status status="PASS" start="2025-08-20T15:10:04.007292" elapsed="0.005368"/>
</test>
<test id="s1-s1-s10-s1-t5" name="test_configure_extensions_fullstack">
<kw name="Setup" owner="pytest_robotframework._internal.robot.library" type="SETUP">
<status status="PASS" start="2025-08-20T15:10:04.014704" elapsed="0.000866"/>
</kw>
<kw name="Run Test" owner="pytest_robotframework._internal.robot.library">
<status status="PASS" start="2025-08-20T15:10:04.015765" elapsed="0.001272"/>
</kw>
<kw name="Teardown" owner="pytest_robotframework._internal.robot.library" type="TEARDOWN">
<status status="PASS" start="2025-08-20T15:10:04.017378" elapsed="0.000804"/>
</kw>
<doc>Testa configuração de extensões para fullstack.</doc>
<status status="PASS" start="2025-08-20T15:10:04.013179" elapsed="0.005102"/>
</test>
<test id="s1-s1-s10-s1-t6" name="test_configure_tasks">
<kw name="Setup" owner="pytest_robotframework._internal.robot.library" type="SETUP">
<status status="PASS" start="2025-08-20T15:10:04.020283" elapsed="0.001127"/>
</kw>
<kw name="Run Test" owner="pytest_robotframework._internal.robot.library">
<status status="PASS" start="2025-08-20T15:10:04.021661" elapsed="0.001887"/>
</kw>
<kw name="Teardown" owner="pytest_robotframework._internal.robot.library" type="TEARDOWN">
<status status="PASS" start="2025-08-20T15:10:04.023918" elapsed="0.000967"/>
</kw>
<doc>Testa configuração de tarefas.</doc>
<status status="PASS" start="2025-08-20T15:10:04.018784" elapsed="0.006222"/>
</test>
<test id="s1-s1-s10-s1-t7" name="test_configure_launch">
<kw name="Setup" owner="pytest_robotframework._internal.robot.library" type="SETUP">
<status status="PASS" start="2025-08-20T15:10:04.027182" elapsed="0.000960"/>
</kw>
<kw name="Run Test" owner="pytest_robotframework._internal.robot.library">
<status status="PASS" start="2025-08-20T15:10:04.028397" elapsed="0.001943"/>
</kw>
<kw name="Teardown" owner="pytest_robotframework._internal.robot.library" type="TEARDOWN">
<status status="PASS" start="2025-08-20T15:10:04.031035" elapsed="0.001763"/>
</kw>
<doc>Testa configuração de launch.</doc>
<status status="PASS" start="2025-08-20T15:10:04.025551" elapsed="0.007449"/>
</test>
<test id="s1-s1-s10-s1-t8" name="test_configure_all_dry_run">
<kw name="Setup" owner="pytest_robotframework._internal.robot.library" type="SETUP">
<status status="PASS" start="2025-08-20T15:10:04.036976" elapsed="0.002128"/>
</kw>
<kw name="Run Test" owner="pytest_robotframework._internal.robot.library">
<status status="PASS" start="2025-08-20T15:10:04.039807" elapsed="0.002153"/>
</kw>
<kw name="Teardown" owner="pytest_robotframework._internal.robot.library" type="TEARDOWN">
<status status="PASS" start="2025-08-20T15:10:04.042532" elapsed="0.001323"/>
</kw>
<doc>Testa configuração completa em modo dry-run.</doc>
<status status="PASS" start="2025-08-20T15:10:04.033981" elapsed="0.010136"/>
</test>
<test id="s1-s1-s10-s1-t9" name="test_configure_all_real">
<kw name="Setup" owner="pytest_robotframework._internal.robot.library" type="SETUP">
<status status="PASS" start="2025-08-20T15:10:04.049330" elapsed="0.001647"/>
</kw>
<kw name="Run Test" owner="pytest_robotframework._internal.robot.library">
<status status="PASS" start="2025-08-20T15:10:04.051356" elapsed="0.003744"/>
</kw>
<kw name="Teardown" owner="pytest_robotframework._internal.robot.library" type="TEARDOWN">
<status status="PASS" start="2025-08-20T15:10:04.055493" elapsed="0.000915"/>
</kw>
<doc>Testa configuração completa real.</doc>
<status status="PASS" start="2025-08-20T15:10:04.046227" elapsed="0.010293"/>
</test>
<test id="s1-s1-s10-s1-t10" name="test_merge_existing_settings">
<kw name="Setup" owner="pytest_robotframework._internal.robot.library" type="SETUP">
<status status="PASS" start="2025-08-20T15:10:04.058713" elapsed="0.001134"/>
</kw>
<kw name="Run Test" owner="pytest_robotframework._internal.robot.library">
<status status="PASS" start="2025-08-20T15:10:04.060118" elapsed="0.001873"/>
</kw>
<kw name="Teardown" owner="pytest_robotframework._internal.robot.library" type="TEARDOWN">
<status status="PASS" start="2025-08-20T15:10:04.062327" elapsed="0.000758"/>
</kw>
<doc>Testa merge com configurações existentes.</doc>
<status status="PASS" start="2025-08-20T15:10:04.057048" elapsed="0.006133"/>
</test>
<test id="s1-s1-s10-s1-t11" name="test_validate_configuration">
<kw name="Setup" owner="pytest_robotframework._internal.robot.library" type="SETUP">
<status status="PASS" start="2025-08-20T15:10:04.065161" elapsed="0.000964"/>
</kw>
<kw name="Run Test" owner="pytest_robotframework._internal.robot.library">
<status status="PASS" start="2025-08-20T15:10:04.066369" elapsed="0.002711"/>
</kw>
<kw name="Teardown" owner="pytest_robotframework._internal.robot.library" type="TEARDOWN">
<status status="PASS" start="2025-08-20T15:10:04.069437" elapsed="0.000855"/>
</kw>
<doc>Testa validação de configurações.</doc>
<status status="PASS" start="2025-08-20T15:10:04.063656" elapsed="0.006734"/>
</test>
<test id="s1-s1-s10-s1-t12" name="test_team_specific_configurations">
<kw name="Setup" owner="pytest_robotframework._internal.robot.library" type="SETUP">
<status status="PASS" start="2025-08-20T15:10:04.072557" elapsed="0.000775"/>
</kw>
<kw name="Run Test" owner="pytest_robotframework._internal.robot.library">
<status status="PASS" start="2025-08-20T15:10:04.073561" elapsed="0.002962"/>
</kw>
<kw name="Teardown" owner="pytest_robotframework._internal.robot.library" type="TEARDOWN">
<status status="PASS" start="2025-08-20T15:10:04.076919" elapsed="0.000640"/>
</kw>
<doc>Testa configurações específicas por tipo de equipe.</doc>
<status status="PASS" start="2025-08-20T15:10:04.070907" elapsed="0.006757"/>
</test>
<test id="s1-s1-s10-s1-t13" name="test_error_handling_corrupted_settings">
<kw name="Setup" owner="pytest_robotframework._internal.robot.library" type="SETUP">
<status status="PASS" start="2025-08-20T15:10:04.079821" elapsed="0.001136"/>
</kw>
<kw name="Run Test" owner="pytest_robotframework._internal.robot.library">
<status status="PASS" start="2025-08-20T15:10:04.081196" elapsed="0.001809"/>
</kw>
<kw name="Teardown" owner="pytest_robotframework._internal.robot.library" type="TEARDOWN">
<status status="PASS" start="2025-08-20T15:10:04.083343" elapsed="0.000789"/>
</kw>
<doc>Testa tratamento de settings.json corrompido.</doc>
<status status="PASS" start="2025-08-20T15:10:04.078207" elapsed="0.006027"/>
</test>
<test id="s1-s1-s10-s1-t14" name="test_error_handling_permission_denied">
<kw name="Setup" owner="pytest_robotframework._internal.robot.library" type="SETUP">
<status status="PASS" start="2025-08-20T15:10:04.086417" elapsed="0.001045"/>
</kw>
<kw name="Run Test" owner="pytest_robotframework._internal.robot.library">
<status status="PASS" start="2025-08-20T15:10:04.087732" elapsed="0.004208"/>
</kw>
<kw name="Teardown" owner="pytest_robotframework._internal.robot.library" type="TEARDOWN">
<status status="PASS" start="2025-08-20T15:10:04.092638" elapsed="0.001823"/>
</kw>
<doc>Testa tratamento de erro de permissão.</doc>
<status status="PASS" start="2025-08-20T15:10:04.084751" elapsed="0.009904"/>
</test>
<test id="s1-s1-s10-s1-t15" name="test_get_team_specific_settings_all_teams">
<kw name="Setup" owner="pytest_robotframework._internal.robot.library" type="SETUP">
<status status="PASS" start="2025-08-20T15:10:04.098520" elapsed="0.001393"/>
</kw>
<kw name="Run Test" owner="pytest_robotframework._internal.robot.library">
<status status="PASS" start="2025-08-20T15:10:04.100318" elapsed="0.002219"/>
</kw>
<kw name="Teardown" owner="pytest_robotframework._internal.robot.library" type="TEARDOWN">
<status status="PASS" start="2025-08-20T15:10:04.102862" elapsed="0.000535"/>
</kw>
<doc>Testa configurações específicas para todos os tipos de equipe.</doc>
<status status="PASS" start="2025-08-20T15:10:04.095603" elapsed="0.007892"/>
</test>
<test id="s1-s1-s10-s1-t16" name="test_get_team_specific_extensions_all_teams">
<kw name="Setup" owner="pytest_robotframework._internal.robot.library" type="SETUP">
<status status="PASS" start="2025-08-20T15:10:04.105888" elapsed="0.000736"/>
</kw>
<kw name="Run Test" owner="pytest_robotframework._internal.robot.library">
<status status="PASS" start="2025-08-20T15:10:04.106868" elapsed="0.001412"/>
</kw>
<kw name="Teardown" owner="pytest_robotframework._internal.robot.library" type="TEARDOWN">
<status status="PASS" start="2025-08-20T15:10:04.108641" elapsed="0.000572"/>
</kw>
<doc>Testa extensões específicas para todos os tipos de equipe.</doc>
<status status="PASS" start="2025-08-20T15:10:04.104037" elapsed="0.005268"/>
</test>
<test id="s1-s1-s10-s1-t17" name="test_configure_extensions_error_handling">
<kw name="Setup" owner="pytest_robotframework._internal.robot.library" type="SETUP">
<status status="PASS" start="2025-08-20T15:10:04.111422" elapsed="0.000923"/>
</kw>
<kw name="Run Test" owner="pytest_robotframework._internal.robot.library">
<status status="PASS" start="2025-08-20T15:10:04.112553" elapsed="0.034428"/>
</kw>
<kw name="Teardown" owner="pytest_robotframework._internal.robot.library" type="TEARDOWN">
<status status="PASS" start="2025-08-20T15:10:04.147391" elapsed="0.000916"/>
</kw>
<doc>Testa tratamento de erro ao configurar extensões.</doc>
<status status="PASS" start="2025-08-20T15:10:04.109807" elapsed="0.038617"/>
</test>
<test id="s1-s1-s10-s1-t18" name="test_configure_tasks_error_handling">
<kw name="Setup" owner="pytest_robotframework._internal.robot.library" type="SETUP">
<status status="PASS" start="2025-08-20T15:10:04.150800" elapsed="0.001145"/>
</kw>
<kw name="Run Test" owner="pytest_robotframework._internal.robot.library">
<status status="PASS" start="2025-08-20T15:10:04.152169" elapsed="0.002644"/>
</kw>
<kw name="Teardown" owner="pytest_robotframework._internal.robot.library" type="TEARDOWN">
<status status="PASS" start="2025-08-20T15:10:04.155141" elapsed="0.000729"/>
</kw>
<doc>Testa tratamento de erro ao configurar tasks.</doc>
<status status="PASS" start="2025-08-20T15:10:04.149018" elapsed="0.006952"/>
</test>
<test id="s1-s1-s10-s1-t19" name="test_configure_launch_error_handling">
<kw name="Setup" owner="pytest_robotframework._internal.robot.library" type="SETUP">
<status status="PASS" start="2025-08-20T15:10:04.158125" elapsed="0.000973"/>
</kw>
<kw name="Run Test" owner="pytest_robotframework._internal.robot.library">
<status status="PASS" start="2025-08-20T15:10:04.159341" elapsed="0.002728"/>
</kw>
<kw name="Teardown" owner="pytest_robotframework._internal.robot.library" type="TEARDOWN">
<status status="PASS" start="2025-08-20T15:10:04.162417" elapsed="0.000827"/>
</kw>
<doc>Testa tratamento de erro ao configurar launch.</doc>
<status status="PASS" start="2025-08-20T15:10:04.156519" elapsed="0.006837"/>
</test>
<test id="s1-s1-s10-s1-t20" name="test_validate_configuration_missing_files">
<kw name="Setup" owner="pytest_robotframework._internal.robot.library" type="SETUP">
<status status="PASS" start="2025-08-20T15:10:04.165716" elapsed="0.001206"/>
</kw>
<kw name="Run Test" owner="pytest_robotframework._internal.robot.library">
<status status="PASS" start="2025-08-20T15:10:04.167152" elapsed="0.001036"/>
</kw>
<kw name="Teardown" owner="pytest_robotframework._internal.robot.library" type="TEARDOWN">
<status status="PASS" start="2025-08-20T15:10:04.168504" elapsed="0.000707"/>
</kw>
<doc>Testa validação com arquivos faltando.</doc>
<status status="PASS" start="2025-08-20T15:10:04.164082" elapsed="0.005232"/>
</test>
<test id="s1-s1-s10-s1-t21" name="test_validate_configuration_invalid_json">
<kw name="Setup" owner="pytest_robotframework._internal.robot.library" type="SETUP">
<status status="PASS" start="2025-08-20T15:10:04.171719" elapsed="0.001088"/>
</kw>
<kw name="Run Test" owner="pytest_robotframework._internal.robot.library">
<status status="PASS" start="2025-08-20T15:10:04.173048" elapsed="0.001849"/>
</kw>
<kw name="Teardown" owner="pytest_robotframework._internal.robot.library" type="TEARDOWN">
<status status="PASS" start="2025-08-20T15:10:04.175561" elapsed="0.001689"/>
</kw>
<doc>Testa validação com JSON inválido.</doc>
<status status="PASS" start="2025-08-20T15:10:04.169933" elapsed="0.007514"/>
</test>
<test id="s1-s1-s10-s1-t22" name="test_integration_brownfield_mode">
<kw name="Setup" owner="pytest_robotframework._internal.robot.library" type="SETUP">
<status status="PASS" start="2025-08-20T15:10:04.179865" elapsed="0.000716"/>
</kw>
<kw name="Run Test" owner="pytest_robotframework._internal.robot.library">
<status status="PASS" start="2025-08-20T15:10:04.180799" elapsed="0.003288"/>
</kw>
<kw name="Teardown" owner="pytest_robotframework._internal.robot.library" type="TEARDOWN">
<status status="PASS" start="2025-08-20T15:10:04.184441" elapsed="0.003690"/>
</kw>
<doc>Testa integração em modo brownfield.</doc>
<status status="PASS" start="2025-08-20T15:10:04.178217" elapsed="0.010064"/>
</test>
<doc>Testes para VSCodeConfigurator.</doc>
<status status="PASS" start="2025-08-20T15:10:03.986910" elapsed="0.202172"/>
</suite>
<doc>Testes para o configurador do VS Code.</doc>
<status status="PASS" start="2025-08-20T15:10:03.984806" elapsed="0.205090"/>
</suite>
<status status="PASS" start="2025-08-20T15:09:59.148102" elapsed="5.043401"/>
</suite>
<status status="PASS" start="2025-08-20T15:09:59.125676" elapsed="5.067652"/>
</suite>
<statistics>
<total>
<stat pass="171" fail="0" skip="0">All Tests</stat>
</total>
<tag>
<stat pass="2" fail="0" skip="0">skipif:False</stat>
<stat pass="1" fail="0" skip="0">timeout:15</stat>
<stat pass="22" fail="0" skip="0">timeout:30</stat>
</tag>
<suite>
<stat name="Tests" id="s1" pass="171" fail="0" skip="0">Tests</stat>
<stat name="Unit" id="s1-s1" pass="171" fail="0" skip="0">Tests.Unit</stat>
<stat name="Test Agent Installer" id="s1-s1-s1" pass="23" fail="0" skip="0">Tests.Unit.Test Agent Installer</stat>
<stat name="TestAgentInstaller" id="s1-s1-s1-s1" pass="23" fail="0" skip="0">Tests.Unit.Test Agent Installer.TestAgentInstaller</stat>
<stat name="Test Asset Copier" id="s1-s1-s2" pass="7" fail="0" skip="0">Tests.Unit.Test Asset Copier</stat>
<stat name="TestAssetCopier" id="s1-s1-s2-s1" pass="7" fail="0" skip="0">Tests.Unit.Test Asset Copier.TestAssetCopier</stat>
<stat name="Test Chatmodes" id="s1-s1-s3" pass="26" fail="0" skip="0">Tests.Unit.Test Chatmodes</stat>
<stat name="TestChatModeConfigurator" id="s1-s1-s3-s1" pass="26" fail="0" skip="0">Tests.Unit.Test Chatmodes.TestChatModeConfigurator</stat>
<stat name="Test Config Generator" id="s1-s1-s4" pass="9" fail="0" skip="0">Tests.Unit.Test Config Generator</stat>
<stat name="TestConfigGenerator" id="s1-s1-s4-s1" pass="9" fail="0" skip="0">Tests.Unit.Test Config Generator.TestConfigGenerator</stat>
<stat name="Test Environment Analyzer" id="s1-s1-s5" pass="17" fail="0" skip="0">Tests.Unit.Test Environment Analyzer</stat>
<stat name="TestAdvancedEnvironmentAnalyzer" id="s1-s1-s5-s1" pass="17" fail="0" skip="0">Tests.Unit.Test Environment Analyzer.TestAdvancedEnvironmentAnalyzer</stat>
<stat name="Test Integrity Validator" id="s1-s1-s6" pass="17" fail="0" skip="0">Tests.Unit.Test Integrity Validator</stat>
<stat name="TestIntegrityValidator" id="s1-s1-s6-s1" pass="17" fail="0" skip="0">Tests.Unit.Test Integrity Validator.TestIntegrityValidator</stat>
<stat name="Test Rollback Manager" id="s1-s1-s7" pass="22" fail="0" skip="0">Tests.Unit.Test Rollback Manager</stat>
<stat name="TestRollbackManager" id="s1-s1-s7-s1" pass="22" fail="0" skip="0">Tests.Unit.Test Rollback Manager.TestRollbackManager</stat>
<stat name="Test Structure Creator" id="s1-s1-s8" pass="21" fail="0" skip="0">Tests.Unit.Test Structure Creator</stat>
<stat name="TestStructureCreator" id="s1-s1-s8-s1" pass="21" fail="0" skip="0">Tests.Unit.Test Structure Creator.TestStructureCreator</stat>
<stat name="Test System Detector" id="s1-s1-s9" pass="7" fail="0" skip="0">Tests.Unit.Test System Detector</stat>
<stat name="TestSystemDetector" id="s1-s1-s9-s1" pass="7" fail="0" skip="0">Tests.Unit.Test System Detector.TestSystemDetector</stat>
<stat name="Test Vscode Configurator" id="s1-s1-s10" pass="22" fail="0" skip="0">Tests.Unit.Test Vscode Configurator</stat>
<stat name="TestVSCodeConfigurator" id="s1-s1-s10-s1" pass="22" fail="0" skip="0">Tests.Unit.Test Vscode Configurator.TestVSCodeConfigurator</stat>
</suite>
</statistics>
<errors>
</errors>
</robot>
