<?xml version="1.0" encoding="UTF-8"?>
<testsuite name="SDCcc Test Run" tests="11" skipped="0" failures="0" errors="5" time="1.200">
<properties><property name="java.specification.version" value="17"/>
<property name="sun.cpu.isalist" value="amd64"/>
<property name="javax.xml.stream.XMLInputFactory" value="com.sun.xml.internal.stream.XMLInputFactoryImpl"/>
<property name="sun.jnu.encoding" value="Cp1252"/>
<property name="java.class.path" value="C:\RTF_Testruns\vdb\SIM01_TestRun_240326-1218\01_suiteName\01_SDCcc_#1\sdccc\bin\sdccc-9.0.0.exe;lib\.;lib\..;lib\angus-activation-1.0.0.jar;lib\animal-sniffer-annotations-1.23.jar;lib\annotations-13.0.jar;lib\annotations-4.1.1.4.jar;lib\antlr-2.7.7.jar;lib\antlr4-runtime-4.7.2.jar;lib\aopalliance-1.0.jar;lib\apiguardian-api-1.1.0.jar;lib\auto-value-annotations-1.10.2.jar;lib\bcpkix-jdk15on-1.67.jar;lib\bcpkix-jdk18on-1.75.jar;lib\bcprov-jdk15on-1.67.jar;lib\bcprov-jdk18on-1.75.jar;lib\bcutil-jdk18on-1.75.jar;lib\biceps-5.0.0.jar;lib\biceps-model-5.0.0.jar;lib\biceps-model-plugins-5.0.0.jar;lib\byte-buddy-1.12.16.jar;lib\checker-qual-3.33.0.jar;lib\classmate-1.5.1.jar;lib\codemodel-2.3.6.jar;lib\common-5.0.0.jar;lib\common-model-5.0.0.jar;lib\commons-beanutils-1.9.3.jar;lib\commons-cli-1.4.jar;lib\commons-codec-1.11.jar;lib\commons-collections-3.2.2.jar;lib\commons-io-2.13.0.jar;lib\commons-lang3-3.2.1.jar;lib\commons-logging-1.2.jar;lib\conscrypt-openjdk-uber-2.5.2.jar;lib\derby-10.15.2.0.jar;lib\derbyshared-10.15.2.0.jar;lib\disruptor-3.4.2.jar;lib\dom4j-2.1.3.jar;lib\dpws-5.0.0.jar;lib\dpws-model-5.0.0.jar;lib\dtd-parser-1.4.5.jar;lib\error_prone_annotations-2.18.0.jar;lib\failureaccess-1.0.1.jar;lib\FastInfoset-1.2.15.jar;lib\glue-5.0.0.jar;lib\google-auth-library-credentials-1.4.0.jar;lib\google-auth-library-oauth2-http-1.4.0.jar;lib\google-http-client-1.41.0.jar;lib\google-http-client-gson-1.41.0.jar;lib\grpc-all-1.60.1.jar;lib\grpc-alts-1.60.1.jar;lib\grpc-api-1.60.1.jar;lib\grpc-auth-1.60.1.jar;lib\grpc-context-1.60.1.jar;lib\grpc-core-1.60.1.jar;lib\grpc-grpclb-1.60.1.jar;lib\grpc-inprocess-1.60.1.jar;lib\grpc-netty-1.60.1.jar;lib\grpc-netty-shaded-1.60.1.jar;lib\grpc-okhttp-1.60.1.jar;lib\grpc-protobuf-1.60.1.jar;lib\grpc-protobuf-lite-1.60.1.jar;lib\grpc-rls-1.60.1.jar;lib\grpc-services-1.60.1.jar;lib\grpc-servlet-1.60.1.jar;lib\grpc-servlet-jakarta-1.60.1.jar;lib\grpc-stub-1.60.1.jar;lib\grpc-testing-1.60.1.jar;lib\grpc-util-1.60.1.jar;lib\grpc-xds-1.60.1.jar;lib\gson-2.10.1.jar;lib\guava-32.1.2-jre.jar;lib\guice-5.0.1.jar;lib\guice-assistedinject-5.1.0.jar;lib\hamcrest-core-1.3.jar;lib\hibernate-commons-annotations-5.1.2.Final.jar;lib\hibernate-core-5.4.24.Final.jar;lib\httpclient-4.5.14.jar;lib\httpcore-4.4.16.jar;lib\istack-commons-runtime-3.0.7.jar;lib\istack-commons-tools-3.0.12.jar;lib\j2objc-annotations-2.8.jar;lib\jakarta.activation-api-2.1.0.jar;lib\jakarta.xml.bind-api-4.0.0.jar;lib\jandex-2.1.3.Final.jar;lib\javaparser-1.0.11.jar;lib\javassist-3.27.0-GA.jar;lib\javax.activation-api-1.2.0.jar;lib\javax.annotation-api-1.3.2.jar;lib\javax.inject-1.jar;lib\javax.persistence-api-2.2.jar;lib\jaxb-api-2.3.1.jar;lib\jaxb-core-4.0.1.jar;lib\jaxb-impl-4.0.1.jar;lib\jaxb-runtime-2.3.1.jar;lib\jaxb-xjc-2.3.6.jar;lib\jaxb2-basics-0.13.1.jar;lib\jaxb2-basics-runtime-0.13.1.jar;lib\jaxb2-basics-tools-0.13.1.jar;lib\jboss-logging-3.4.1.Final.jar;lib\jboss-transaction-api_1.2_spec-1.1.1.Final.jar;lib\jcl-over-slf4j-1.7.36.jar;lib\jetty-http-11.0.16.jar;lib\jetty-io-11.0.16.jar;lib\jetty-jakarta-servlet-api-5.0.2.jar;lib\jetty-security-11.0.16.jar;lib\jetty-server-11.0.16.jar;lib\jetty-servlet-11.0.16.jar;lib\jetty-util-11.0.16.jar;lib\jregex-1.2_01.jar;lib\jsr305-3.0.2.jar;lib\junit-4.13.2.jar;lib\junit-jupiter-api-5.6.0.jar;lib\junit-jupiter-engine-5.6.0.jar;lib\junit-platform-commons-1.6.0.jar;lib\junit-platform-engine-1.6.0.jar;lib\junit-platform-launcher-1.6.0.jar;lib\junit-platform-reporting-1.6.0.jar;lib\kotlin-stdlib-1.4.20.jar;lib\kotlin-stdlib-common-1.4.20.jar;lib\licenses;lib\licenses.xml;lib\listenablefuture-9999.0-empty-to-avoid-conflict-with-guava.jar;lib\log4j-api-2.17.1.jar;lib\log4j-core-2.17.1.jar;lib\log4j-slf4j-impl-2.17.1.jar;lib\netty-buffer-4.1.100.Final.jar;lib\netty-codec-4.1.100.Final.jar;lib\netty-codec-http-4.1.100.Final.jar;lib\netty-codec-http2-4.1.100.Final.jar;lib\netty-codec-socks-4.1.100.Final.jar;lib\netty-common-4.1.100.Final.jar;lib\netty-handler-4.1.100.Final.jar;lib\netty-handler-proxy-4.1.100.Final.jar;lib\netty-resolver-4.1.100.Final.jar;lib\netty-transport-4.1.100.Final.jar;lib\netty-transport-native-unix-common-4.1.100.Final.jar;lib\okio-2.10.0.jar;lib\opencensus-api-0.28.0.jar;lib\opencensus-contrib-http-util-0.28.0.jar;lib\opencensus-proto-0.2.0.jar;lib\opentest4j-1.2.0.jar;lib\perfmark-api-0.26.0.jar;lib\proto-google-common-protos-2.22.0.jar;lib\protobuf-java-3.25.0.jar;lib\protobuf-java-util-3.24.0.jar;lib\re2j-1.7.jar;lib\relaxng-datatype-2.3.6.jar;lib\rngom-2.3.6.jar;lib\Saxon-HE-9.9.1-7.jar;lib\slf4j-api-1.7.25.jar;lib\spotbugs-annotations-4.7.3.jar;lib\stax-ex-1.8.jar;lib\t2iapi-4.1.0.jar;lib\threeten-jaxb-core-1.2.jar;lib\tomlj-1.0.0.jar;lib\txw2-2.3.1.jar;lib\xsom-2.3.6.jar"/>
<property name="sun.awt.enableExtraMouseButtons" value="true"/>
<property name="java.vm.vendor" value="Eclipse Adoptium"/>
<property name="sun.arch.data.model" value="64"/>
<property name="user.variant" value=""/>
<property name="java.vendor.url" value="https://adoptium.net/"/>
<property name="user.timezone" value="Europe/Berlin"/>
<property name="java.vm.specification.version" value="17"/>
<property name="os.name" value="Windows 11"/>
<property name="sun.java.launcher" value="SUN_STANDARD"/>
<property name="user.country" value="DE"/>
<property name="sun.boot.library.path" value="C:\RTF_Testruns\vdb\SIM01_TestRun_240326-1218\01_suiteName\01_SDCcc_#1\sdccc\bin\jre\jdk-17.0.5+8-jre\bin"/>
<property name="sun.java.command" value="com.draeger.medical.sdccc.TestSuite -c C:\RTF_Testruns\vdb\SIM01_TestRun_240326-1218\01_suiteName\01_SDCcc_#1\sdccc\sdccc_config.toml -t C:\RTF_Testruns\vdb\SIM01_TestRun_240326-1218\01_suiteName\01_SDCcc_#1\sdccc\verified_requirements.toml -d C:\RTF_Testruns\vdb\SIM01_TestRun_240326-1218\01_suiteName\01_SDCcc_#1\sdccc"/>
<property name="jdk.debug" value="release"/>
<property name="sun.cpu.endian" value="little"/>
<property name="user.home" value="C:\Users\budnickl"/>
<property name="user.language" value="de"/>
<property name="java.specification.vendor" value="Oracle Corporation"/>
<property name="java.version.date" value="2022-10-18"/>
<property name="java.home" value="C:\RTF_Testruns\vdb\SIM01_TestRun_240326-1218\01_suiteName\01_SDCcc_#1\sdccc\bin\jre\jdk-17.0.5+8-jre"/>
<property name="file.separator" value="\"/>
<property name="java.vm.compressedOopsMode" value="Zero based"/>
<property name="line.separator" value="
"/>
<property name="java.vm.specification.vendor" value="Oracle Corporation"/>
<property name="java.specification.name" value="Java Platform API Specification"/>
<property name="javax.xml.parsers.DocumentBuilderFactory" value="com.sun.org.apache.xerces.internal.jaxp.DocumentBuilderFactoryImpl"/>
<property name="javax.xml.validation.SchemaFactory:http://www.w3.org/2001/XMLSchema" value="com.sun.org.apache.xerces.internal.jaxp.validation.XMLSchemaFactory"/>
<property name="javax.xml.stream.XMLEventFactory" value="com.sun.xml.internal.stream.events.XMLEventFactoryImpl"/>
<property name="user.script" value=""/>
<property name="sun.management.compiler" value="HotSpot 64-Bit Tiered Compilers"/>
<property name="java.runtime.version" value="17.0.5+8"/>
<property name="javax.xml.parsers.SAXParserFactory" value="com.sun.org.apache.xerces.internal.jaxp.SAXParserFactoryImpl"/>
<property name="user.name" value="budnickl"/>
<property name="path.separator" value=";"/>
<property name="os.version" value="10.0"/>
<property name="java.runtime.name" value="OpenJDK Runtime Environment"/>
<property name="file.encoding" value="Cp1252"/>
<property name="SDCcc version" value="9.0.0"/>
<property name="java.vm.name" value="OpenJDK 64-Bit Server VM"/>
<property name="java.vendor.version" value="Temurin-17.0.5+8"/>
<property name="javax.xml.xpath.XPathFactory:http://java.sun.com/jaxp/xpath/dom" value="com.sun.org.apache.xpath.internal.jaxp.XPathFactoryImpl"/>
<property name="java.vendor.url.bug" value="https://github.com/adoptium/adoptium-support/issues"/>
<property name="jetty.git.hash" value="bedff458c4dd1a716d59e17b8cb0d2042eeab291"/>
<property name="java.io.tmpdir" value="C:\Users\budnickl\AppData\Local\Temp\"/>
<property name="java.version" value="17.0.5"/>
<property name="user.dir" value="C:\RTF_Testruns\vdb\SIM01_TestRun_240326-1218\01_suiteName\01_SDCcc_#1\sdccc\bin"/>
<property name="os.arch" value="amd64"/>
<property name="java.vm.specification.name" value="Java Virtual Machine Specification"/>
<property name="sun.os.patch.level" value=""/>
<property name="native.encoding" value="Cp1252"/>
<property name="java.library.path" value="C:\RTF_Testruns\vdb\SIM01_TestRun_240326-1218\01_suiteName\01_SDCcc_#1\sdccc\bin\jre\jdk-17.0.5+8-jre\bin;C:\WINDOWS\Sun\Java\bin;C:\WINDOWS\system32;C:\WINDOWS;C:\develop\vdb\vdb\src\tests\.venv_3.10.11_AMD64\Scripts;C:\Program Files\Microsoft\jdk-11.0.15.10-hotspot\bin;C:\WINDOWS\system32;C:\WINDOWS;C:\WINDOWS\System32\Wbem;C:\WINDOWS\System32\WindowsPowerShell\v1.0\;C:\WINDOWS\System32\OpenSSH\;C:\Program Files (x86)\Plantronics\Spokes3G\;C:\Program Files (x86)\GitExtensions\;C:\Program Files\PuTTY\;C:\Program Files (x86)\Draeger\ServiceConnect Client\;C:\Program Files\dotnet\;C:\Program Files\Git\cmd;C:\Program Files\GitHub CLI\;C:\Program Files\Go\bin;C:\tools\ffmpeg\bin;C:\Users\budnickl\.cargo\bin;C:\Users\budnickl\scoop\shims;C:\Users\budnickl\AppData\Local\Microsoft\WindowsApps;C:\Program Files\JetBrains\PyCharm Community Edition 2021.1\bin;C:\Program Files\JetBrains\PyCharm Community Edition 2021.2\bin;C:\Program Files\JetBrains\PyCharm 2021.2.3\bin;C:\Program Files\JetBrains\JetBrains Rider 2022.2.3\bin;C:\Users\budnickl\.dotnet\tools;C:\Users\budnickl\AppData\Local\JetBrains\Toolbox\scripts;C:\Users\budnickl\AppData\Local\Microsoft\WinGet\Links;C:\Users\budnickl\.dotnet\tools;C:\tools\protoc-24.3-win64\bin;C:\Users\budnickl\go\bin;C:\Users\budnickl\AppData\Local\Programs\VSCodium\bin;C:\Users\budnickl\AppData\Local\Microsoft\WindowsApps;C:\tools\clangd_17.0.3\bin;C:\Program Files\Git\usr\bin;C:\RTF_Testruns\vdb\SIM01_TestRun_240326-1218\01_suiteName\01_SDCcc_#1\sdccc\bin\.\jre\jdk-17.0.5+8-jre\bin;."/>
<property name="java.vm.info" value="mixed mode, sharing"/>
<property name="java.vendor" value="Eclipse Adoptium"/>
<property name="java.vm.version" value="17.0.5+8"/>
<property name="sun.io.unicode.encoding" value="UnicodeLittle"/>
<property name="javax.xml.transform.TransformerFactory" value="net.sf.saxon.TransformerFactoryImpl"/>
<property name="java.class.version" value="61.0"/>
</properties>
<testcase name="testRequirementR6039()" classname="com.draeger.medical.sdccc.tests.biceps.direct.DirectParticipantModelServiceOperationsTest" time="0.13">
<error message="Tried to access a disconnected SDC remote device instance with EPR address urn:uuid:7de857ef-ebff-5a63-9806-80993c42d627" type="java.lang.RuntimeException"><![CDATA[java.lang.RuntimeException: Tried to access a disconnected SDC remote device instance with EPR address urn:uuid:7de857ef-ebff-5a63-9806-80993c42d627
	at org.somda.sdc.glue.consumer.SdcRemoteDeviceImpl.checkRunning(SdcRemoteDeviceImpl.java:186)
	at org.somda.sdc.glue.consumer.SdcRemoteDeviceImpl.getMdibAccess(SdcRemoteDeviceImpl.java:81)
	at org.somda.sdc.glue.consumer.SdcRemoteDeviceImpl.getMdibAccess(SdcRemoteDeviceImpl.java:43)
	at com.draeger.medical.sdccc.tests.biceps.direct.DirectParticipantModelServiceOperationsTest.testRequirementR6039(DirectParticipantModelServiceOperationsTest.java:62)
	at java.base/jdk.internal.reflect.NativeMethodAccessorImpl.invoke0(Native Method)
	at java.base/jdk.internal.reflect.NativeMethodAccessorImpl.invoke(Unknown Source)
	at java.base/jdk.internal.reflect.DelegatingMethodAccessorImpl.invoke(Unknown Source)
	at java.base/java.lang.reflect.Method.invoke(Unknown Source)
	at org.junit.platform.commons.util.ReflectionUtils.invokeMethod(ReflectionUtils.java:686)
	at org.junit.jupiter.engine.execution.MethodInvocation.proceed(MethodInvocation.java:60)
	at org.junit.jupiter.engine.execution.InvocationInterceptorChain$ValidatingInvocation.proceed(InvocationInterceptorChain.java:131)
	at org.junit.jupiter.engine.extension.TimeoutExtension.intercept(TimeoutExtension.java:149)
	at org.junit.jupiter.engine.extension.TimeoutExtension.interceptTestableMethod(TimeoutExtension.java:140)
	at org.junit.jupiter.engine.extension.TimeoutExtension.interceptTestMethod(TimeoutExtension.java:84)
	at org.junit.jupiter.engine.execution.ExecutableInvoker$ReflectiveInterceptorCall.lambda$ofVoidMethod$0(ExecutableInvoker.java:115)
	at org.junit.jupiter.engine.execution.ExecutableInvoker.lambda$invoke$0(ExecutableInvoker.java:105)
	at org.junit.jupiter.engine.execution.InvocationInterceptorChain$InterceptedInvocation.proceed(InvocationInterceptorChain.java:106)
	at org.junit.jupiter.engine.execution.InvocationInterceptorChain.proceed(InvocationInterceptorChain.java:64)
	at org.junit.jupiter.engine.execution.InvocationInterceptorChain.chainAndInvoke(InvocationInterceptorChain.java:45)
	at org.junit.jupiter.engine.execution.InvocationInterceptorChain.invoke(InvocationInterceptorChain.java:37)
	at org.junit.jupiter.engine.execution.ExecutableInvoker.invoke(ExecutableInvoker.java:104)
	at org.junit.jupiter.engine.execution.ExecutableInvoker.invoke(ExecutableInvoker.java:98)
	at org.junit.jupiter.engine.descriptor.TestMethodTestDescriptor.lambda$invokeTestMethod$6(TestMethodTestDescriptor.java:205)
	at org.junit.platform.engine.support.hierarchical.ThrowableCollector.execute(ThrowableCollector.java:73)
	at org.junit.jupiter.engine.descriptor.TestMethodTestDescriptor.invokeTestMethod(TestMethodTestDescriptor.java:201)
	at org.junit.jupiter.engine.descriptor.TestMethodTestDescriptor.execute(TestMethodTestDescriptor.java:137)
	at org.junit.jupiter.engine.descriptor.TestMethodTestDescriptor.execute(TestMethodTestDescriptor.java:71)
	at org.junit.platform.engine.support.hierarchical.NodeTestTask.lambda$executeRecursively$5(NodeTestTask.java:135)
	at org.junit.platform.engine.support.hierarchical.ThrowableCollector.execute(ThrowableCollector.java:73)
	at org.junit.platform.engine.support.hierarchical.NodeTestTask.lambda$executeRecursively$7(NodeTestTask.java:125)
	at org.junit.platform.engine.support.hierarchical.Node.around(Node.java:135)
	at org.junit.platform.engine.support.hierarchical.NodeTestTask.lambda$executeRecursively$8(NodeTestTask.java:123)
	at org.junit.platform.engine.support.hierarchical.ThrowableCollector.execute(ThrowableCollector.java:73)
	at org.junit.platform.engine.support.hierarchical.NodeTestTask.executeRecursively(NodeTestTask.java:122)
	at org.junit.platform.engine.support.hierarchical.NodeTestTask.execute(NodeTestTask.java:80)
	at java.base/java.util.ArrayList.forEach(Unknown Source)
	at org.junit.platform.engine.support.hierarchical.SameThreadHierarchicalTestExecutorService.invokeAll(SameThreadHierarchicalTestExecutorService.java:38)
	at org.junit.platform.engine.support.hierarchical.NodeTestTask.lambda$executeRecursively$5(NodeTestTask.java:139)
	at org.junit.platform.engine.support.hierarchical.ThrowableCollector.execute(ThrowableCollector.java:73)
	at org.junit.platform.engine.support.hierarchical.NodeTestTask.lambda$executeRecursively$7(NodeTestTask.java:125)
	at org.junit.platform.engine.support.hierarchical.Node.around(Node.java:135)
	at org.junit.platform.engine.support.hierarchical.NodeTestTask.lambda$executeRecursively$8(NodeTestTask.java:123)
	at org.junit.platform.engine.support.hierarchical.ThrowableCollector.execute(ThrowableCollector.java:73)
	at org.junit.platform.engine.support.hierarchical.NodeTestTask.executeRecursively(NodeTestTask.java:122)
	at org.junit.platform.engine.support.hierarchical.NodeTestTask.execute(NodeTestTask.java:80)
	at java.base/java.util.ArrayList.forEach(Unknown Source)
	at org.junit.platform.engine.support.hierarchical.SameThreadHierarchicalTestExecutorService.invokeAll(SameThreadHierarchicalTestExecutorService.java:38)
	at org.junit.platform.engine.support.hierarchical.NodeTestTask.lambda$executeRecursively$5(NodeTestTask.java:139)
	at org.junit.platform.engine.support.hierarchical.ThrowableCollector.execute(ThrowableCollector.java:73)
	at org.junit.platform.engine.support.hierarchical.NodeTestTask.lambda$executeRecursively$7(NodeTestTask.java:125)
	at org.junit.platform.engine.support.hierarchical.Node.around(Node.java:135)
	at org.junit.platform.engine.support.hierarchical.NodeTestTask.lambda$executeRecursively$8(NodeTestTask.java:123)
	at org.junit.platform.engine.support.hierarchical.ThrowableCollector.execute(ThrowableCollector.java:73)
	at org.junit.platform.engine.support.hierarchical.NodeTestTask.executeRecursively(NodeTestTask.java:122)
	at org.junit.platform.engine.support.hierarchical.NodeTestTask.execute(NodeTestTask.java:80)
	at org.junit.platform.engine.support.hierarchical.SameThreadHierarchicalTestExecutorService.submit(SameThreadHierarchicalTestExecutorService.java:32)
	at org.junit.platform.engine.support.hierarchical.HierarchicalTestExecutor.execute(HierarchicalTestExecutor.java:57)
	at org.junit.platform.engine.support.hierarchical.HierarchicalTestEngine.execute(HierarchicalTestEngine.java:51)
	at org.junit.platform.launcher.core.DefaultLauncher.execute(DefaultLauncher.java:248)
	at org.junit.platform.launcher.core.DefaultLauncher.lambda$execute$5(DefaultLauncher.java:211)
	at org.junit.platform.launcher.core.DefaultLauncher.withInterceptedStreams(DefaultLauncher.java:226)
	at org.junit.platform.launcher.core.DefaultLauncher.execute(DefaultLauncher.java:199)
	at org.junit.platform.launcher.core.DefaultLauncher.execute(DefaultLauncher.java:141)
	at com.draeger.medical.sdccc.TestSuite.phase2(TestSuite.java:250)
	at com.draeger.medical.sdccc.TestSuite.runTestSuite(TestSuite.java:166)
	at com.draeger.medical.sdccc.TestSuite.main(TestSuite.java:682)
]]></error>
<display-name><![CDATA[testRequirementR6039()]]></display-name>
<test-description><![CDATA[Sends a get context states message with empty handle ref and verifies that the response contains all context states of the mdib.]]></test-description>
<unique-id><![CDATA[[engine:junit-jupiter]/[class:com.draeger.medical.sdccc.tests.biceps.direct.DirectParticipantModelServiceOperationsTest]/[method:testRequirementR6039()]]]></unique-id>
<test-identifier><![CDATA[BICEPS.R6039]]></test-identifier>
</testcase>
<testcase name="testRequirementR6040()" classname="com.draeger.medical.sdccc.tests.biceps.direct.DirectParticipantModelServiceOperationsTest" time="0.1">
<error message="Tried to access a disconnected SDC remote device instance with EPR address urn:uuid:7de857ef-ebff-5a63-9806-80993c42d627" type="java.lang.RuntimeException"><![CDATA[java.lang.RuntimeException: Tried to access a disconnected SDC remote device instance with EPR address urn:uuid:7de857ef-ebff-5a63-9806-80993c42d627
	at org.somda.sdc.glue.consumer.SdcRemoteDeviceImpl.checkRunning(SdcRemoteDeviceImpl.java:186)
	at org.somda.sdc.glue.consumer.SdcRemoteDeviceImpl.getMdibAccess(SdcRemoteDeviceImpl.java:81)
	at org.somda.sdc.glue.consumer.SdcRemoteDeviceImpl.getMdibAccess(SdcRemoteDeviceImpl.java:43)
	at com.draeger.medical.sdccc.tests.biceps.direct.DirectParticipantModelServiceOperationsTest.testRequirementR6040(DirectParticipantModelServiceOperationsTest.java:88)
	at java.base/jdk.internal.reflect.NativeMethodAccessorImpl.invoke0(Native Method)
	at java.base/jdk.internal.reflect.NativeMethodAccessorImpl.invoke(Unknown Source)
	at java.base/jdk.internal.reflect.DelegatingMethodAccessorImpl.invoke(Unknown Source)
	at java.base/java.lang.reflect.Method.invoke(Unknown Source)
	at org.junit.platform.commons.util.ReflectionUtils.invokeMethod(ReflectionUtils.java:686)
	at org.junit.jupiter.engine.execution.MethodInvocation.proceed(MethodInvocation.java:60)
	at org.junit.jupiter.engine.execution.InvocationInterceptorChain$ValidatingInvocation.proceed(InvocationInterceptorChain.java:131)
	at org.junit.jupiter.engine.extension.TimeoutExtension.intercept(TimeoutExtension.java:149)
	at org.junit.jupiter.engine.extension.TimeoutExtension.interceptTestableMethod(TimeoutExtension.java:140)
	at org.junit.jupiter.engine.extension.TimeoutExtension.interceptTestMethod(TimeoutExtension.java:84)
	at org.junit.jupiter.engine.execution.ExecutableInvoker$ReflectiveInterceptorCall.lambda$ofVoidMethod$0(ExecutableInvoker.java:115)
	at org.junit.jupiter.engine.execution.ExecutableInvoker.lambda$invoke$0(ExecutableInvoker.java:105)
	at org.junit.jupiter.engine.execution.InvocationInterceptorChain$InterceptedInvocation.proceed(InvocationInterceptorChain.java:106)
	at org.junit.jupiter.engine.execution.InvocationInterceptorChain.proceed(InvocationInterceptorChain.java:64)
	at org.junit.jupiter.engine.execution.InvocationInterceptorChain.chainAndInvoke(InvocationInterceptorChain.java:45)
	at org.junit.jupiter.engine.execution.InvocationInterceptorChain.invoke(InvocationInterceptorChain.java:37)
	at org.junit.jupiter.engine.execution.ExecutableInvoker.invoke(ExecutableInvoker.java:104)
	at org.junit.jupiter.engine.execution.ExecutableInvoker.invoke(ExecutableInvoker.java:98)
	at org.junit.jupiter.engine.descriptor.TestMethodTestDescriptor.lambda$invokeTestMethod$6(TestMethodTestDescriptor.java:205)
	at org.junit.platform.engine.support.hierarchical.ThrowableCollector.execute(ThrowableCollector.java:73)
	at org.junit.jupiter.engine.descriptor.TestMethodTestDescriptor.invokeTestMethod(TestMethodTestDescriptor.java:201)
	at org.junit.jupiter.engine.descriptor.TestMethodTestDescriptor.execute(TestMethodTestDescriptor.java:137)
	at org.junit.jupiter.engine.descriptor.TestMethodTestDescriptor.execute(TestMethodTestDescriptor.java:71)
	at org.junit.platform.engine.support.hierarchical.NodeTestTask.lambda$executeRecursively$5(NodeTestTask.java:135)
	at org.junit.platform.engine.support.hierarchical.ThrowableCollector.execute(ThrowableCollector.java:73)
	at org.junit.platform.engine.support.hierarchical.NodeTestTask.lambda$executeRecursively$7(NodeTestTask.java:125)
	at org.junit.platform.engine.support.hierarchical.Node.around(Node.java:135)
	at org.junit.platform.engine.support.hierarchical.NodeTestTask.lambda$executeRecursively$8(NodeTestTask.java:123)
	at org.junit.platform.engine.support.hierarchical.ThrowableCollector.execute(ThrowableCollector.java:73)
	at org.junit.platform.engine.support.hierarchical.NodeTestTask.executeRecursively(NodeTestTask.java:122)
	at org.junit.platform.engine.support.hierarchical.NodeTestTask.execute(NodeTestTask.java:80)
	at java.base/java.util.ArrayList.forEach(Unknown Source)
	at org.junit.platform.engine.support.hierarchical.SameThreadHierarchicalTestExecutorService.invokeAll(SameThreadHierarchicalTestExecutorService.java:38)
	at org.junit.platform.engine.support.hierarchical.NodeTestTask.lambda$executeRecursively$5(NodeTestTask.java:139)
	at org.junit.platform.engine.support.hierarchical.ThrowableCollector.execute(ThrowableCollector.java:73)
	at org.junit.platform.engine.support.hierarchical.NodeTestTask.lambda$executeRecursively$7(NodeTestTask.java:125)
	at org.junit.platform.engine.support.hierarchical.Node.around(Node.java:135)
	at org.junit.platform.engine.support.hierarchical.NodeTestTask.lambda$executeRecursively$8(NodeTestTask.java:123)
	at org.junit.platform.engine.support.hierarchical.ThrowableCollector.execute(ThrowableCollector.java:73)
	at org.junit.platform.engine.support.hierarchical.NodeTestTask.executeRecursively(NodeTestTask.java:122)
	at org.junit.platform.engine.support.hierarchical.NodeTestTask.execute(NodeTestTask.java:80)
	at java.base/java.util.ArrayList.forEach(Unknown Source)
	at org.junit.platform.engine.support.hierarchical.SameThreadHierarchicalTestExecutorService.invokeAll(SameThreadHierarchicalTestExecutorService.java:38)
	at org.junit.platform.engine.support.hierarchical.NodeTestTask.lambda$executeRecursively$5(NodeTestTask.java:139)
	at org.junit.platform.engine.support.hierarchical.ThrowableCollector.execute(ThrowableCollector.java:73)
	at org.junit.platform.engine.support.hierarchical.NodeTestTask.lambda$executeRecursively$7(NodeTestTask.java:125)
	at org.junit.platform.engine.support.hierarchical.Node.around(Node.java:135)
	at org.junit.platform.engine.support.hierarchical.NodeTestTask.lambda$executeRecursively$8(NodeTestTask.java:123)
	at org.junit.platform.engine.support.hierarchical.ThrowableCollector.execute(ThrowableCollector.java:73)
	at org.junit.platform.engine.support.hierarchical.NodeTestTask.executeRecursively(NodeTestTask.java:122)
	at org.junit.platform.engine.support.hierarchical.NodeTestTask.execute(NodeTestTask.java:80)
	at org.junit.platform.engine.support.hierarchical.SameThreadHierarchicalTestExecutorService.submit(SameThreadHierarchicalTestExecutorService.java:32)
	at org.junit.platform.engine.support.hierarchical.HierarchicalTestExecutor.execute(HierarchicalTestExecutor.java:57)
	at org.junit.platform.engine.support.hierarchical.HierarchicalTestEngine.execute(HierarchicalTestEngine.java:51)
	at org.junit.platform.launcher.core.DefaultLauncher.execute(DefaultLauncher.java:248)
	at org.junit.platform.launcher.core.DefaultLauncher.lambda$execute$5(DefaultLauncher.java:211)
	at org.junit.platform.launcher.core.DefaultLauncher.withInterceptedStreams(DefaultLauncher.java:226)
	at org.junit.platform.launcher.core.DefaultLauncher.execute(DefaultLauncher.java:199)
	at org.junit.platform.launcher.core.DefaultLauncher.execute(DefaultLauncher.java:141)
	at com.draeger.medical.sdccc.TestSuite.phase2(TestSuite.java:250)
	at com.draeger.medical.sdccc.TestSuite.runTestSuite(TestSuite.java:166)
	at com.draeger.medical.sdccc.TestSuite.main(TestSuite.java:682)
]]></error>
<display-name><![CDATA[testRequirementR6040()]]></display-name>
<test-description><![CDATA[Verifies that for every known context descriptor handle the corresponding context states are returned.]]></test-description>
<unique-id><![CDATA[[engine:junit-jupiter]/[class:com.draeger.medical.sdccc.tests.biceps.direct.DirectParticipantModelServiceOperationsTest]/[method:testRequirementR6040()]]]></unique-id>
<test-identifier><![CDATA[BICEPS.R6040]]></test-identifier>
</testcase>
<testcase name="testRequirementR6041()" classname="com.draeger.medical.sdccc.tests.biceps.direct.DirectParticipantModelServiceOperationsTest" time="0.0">
<error message="Tried to access a disconnected SDC remote device instance with EPR address urn:uuid:7de857ef-ebff-5a63-9806-80993c42d627" type="java.lang.RuntimeException"><![CDATA[java.lang.RuntimeException: Tried to access a disconnected SDC remote device instance with EPR address urn:uuid:7de857ef-ebff-5a63-9806-80993c42d627
	at org.somda.sdc.glue.consumer.SdcRemoteDeviceImpl.checkRunning(SdcRemoteDeviceImpl.java:186)
	at org.somda.sdc.glue.consumer.SdcRemoteDeviceImpl.getMdibAccess(SdcRemoteDeviceImpl.java:81)
	at org.somda.sdc.glue.consumer.SdcRemoteDeviceImpl.getMdibAccess(SdcRemoteDeviceImpl.java:43)
	at com.draeger.medical.sdccc.tests.biceps.direct.DirectParticipantModelServiceOperationsTest.testRequirementR6041(DirectParticipantModelServiceOperationsTest.java:126)
	at java.base/jdk.internal.reflect.NativeMethodAccessorImpl.invoke0(Native Method)
	at java.base/jdk.internal.reflect.NativeMethodAccessorImpl.invoke(Unknown Source)
	at java.base/jdk.internal.reflect.DelegatingMethodAccessorImpl.invoke(Unknown Source)
	at java.base/java.lang.reflect.Method.invoke(Unknown Source)
	at org.junit.platform.commons.util.ReflectionUtils.invokeMethod(ReflectionUtils.java:686)
	at org.junit.jupiter.engine.execution.MethodInvocation.proceed(MethodInvocation.java:60)
	at org.junit.jupiter.engine.execution.InvocationInterceptorChain$ValidatingInvocation.proceed(InvocationInterceptorChain.java:131)
	at org.junit.jupiter.engine.extension.TimeoutExtension.intercept(TimeoutExtension.java:149)
	at org.junit.jupiter.engine.extension.TimeoutExtension.interceptTestableMethod(TimeoutExtension.java:140)
	at org.junit.jupiter.engine.extension.TimeoutExtension.interceptTestMethod(TimeoutExtension.java:84)
	at org.junit.jupiter.engine.execution.ExecutableInvoker$ReflectiveInterceptorCall.lambda$ofVoidMethod$0(ExecutableInvoker.java:115)
	at org.junit.jupiter.engine.execution.ExecutableInvoker.lambda$invoke$0(ExecutableInvoker.java:105)
	at org.junit.jupiter.engine.execution.InvocationInterceptorChain$InterceptedInvocation.proceed(InvocationInterceptorChain.java:106)
	at org.junit.jupiter.engine.execution.InvocationInterceptorChain.proceed(InvocationInterceptorChain.java:64)
	at org.junit.jupiter.engine.execution.InvocationInterceptorChain.chainAndInvoke(InvocationInterceptorChain.java:45)
	at org.junit.jupiter.engine.execution.InvocationInterceptorChain.invoke(InvocationInterceptorChain.java:37)
	at org.junit.jupiter.engine.execution.ExecutableInvoker.invoke(ExecutableInvoker.java:104)
	at org.junit.jupiter.engine.execution.ExecutableInvoker.invoke(ExecutableInvoker.java:98)
	at org.junit.jupiter.engine.descriptor.TestMethodTestDescriptor.lambda$invokeTestMethod$6(TestMethodTestDescriptor.java:205)
	at org.junit.platform.engine.support.hierarchical.ThrowableCollector.execute(ThrowableCollector.java:73)
	at org.junit.jupiter.engine.descriptor.TestMethodTestDescriptor.invokeTestMethod(TestMethodTestDescriptor.java:201)
	at org.junit.jupiter.engine.descriptor.TestMethodTestDescriptor.execute(TestMethodTestDescriptor.java:137)
	at org.junit.jupiter.engine.descriptor.TestMethodTestDescriptor.execute(TestMethodTestDescriptor.java:71)
	at org.junit.platform.engine.support.hierarchical.NodeTestTask.lambda$executeRecursively$5(NodeTestTask.java:135)
	at org.junit.platform.engine.support.hierarchical.ThrowableCollector.execute(ThrowableCollector.java:73)
	at org.junit.platform.engine.support.hierarchical.NodeTestTask.lambda$executeRecursively$7(NodeTestTask.java:125)
	at org.junit.platform.engine.support.hierarchical.Node.around(Node.java:135)
	at org.junit.platform.engine.support.hierarchical.NodeTestTask.lambda$executeRecursively$8(NodeTestTask.java:123)
	at org.junit.platform.engine.support.hierarchical.ThrowableCollector.execute(ThrowableCollector.java:73)
	at org.junit.platform.engine.support.hierarchical.NodeTestTask.executeRecursively(NodeTestTask.java:122)
	at org.junit.platform.engine.support.hierarchical.NodeTestTask.execute(NodeTestTask.java:80)
	at java.base/java.util.ArrayList.forEach(Unknown Source)
	at org.junit.platform.engine.support.hierarchical.SameThreadHierarchicalTestExecutorService.invokeAll(SameThreadHierarchicalTestExecutorService.java:38)
	at org.junit.platform.engine.support.hierarchical.NodeTestTask.lambda$executeRecursively$5(NodeTestTask.java:139)
	at org.junit.platform.engine.support.hierarchical.ThrowableCollector.execute(ThrowableCollector.java:73)
	at org.junit.platform.engine.support.hierarchical.NodeTestTask.lambda$executeRecursively$7(NodeTestTask.java:125)
	at org.junit.platform.engine.support.hierarchical.Node.around(Node.java:135)
	at org.junit.platform.engine.support.hierarchical.NodeTestTask.lambda$executeRecursively$8(NodeTestTask.java:123)
	at org.junit.platform.engine.support.hierarchical.ThrowableCollector.execute(ThrowableCollector.java:73)
	at org.junit.platform.engine.support.hierarchical.NodeTestTask.executeRecursively(NodeTestTask.java:122)
	at org.junit.platform.engine.support.hierarchical.NodeTestTask.execute(NodeTestTask.java:80)
	at java.base/java.util.ArrayList.forEach(Unknown Source)
	at org.junit.platform.engine.support.hierarchical.SameThreadHierarchicalTestExecutorService.invokeAll(SameThreadHierarchicalTestExecutorService.java:38)
	at org.junit.platform.engine.support.hierarchical.NodeTestTask.lambda$executeRecursively$5(NodeTestTask.java:139)
	at org.junit.platform.engine.support.hierarchical.ThrowableCollector.execute(ThrowableCollector.java:73)
	at org.junit.platform.engine.support.hierarchical.NodeTestTask.lambda$executeRecursively$7(NodeTestTask.java:125)
	at org.junit.platform.engine.support.hierarchical.Node.around(Node.java:135)
	at org.junit.platform.engine.support.hierarchical.NodeTestTask.lambda$executeRecursively$8(NodeTestTask.java:123)
	at org.junit.platform.engine.support.hierarchical.ThrowableCollector.execute(ThrowableCollector.java:73)
	at org.junit.platform.engine.support.hierarchical.NodeTestTask.executeRecursively(NodeTestTask.java:122)
	at org.junit.platform.engine.support.hierarchical.NodeTestTask.execute(NodeTestTask.java:80)
	at org.junit.platform.engine.support.hierarchical.SameThreadHierarchicalTestExecutorService.submit(SameThreadHierarchicalTestExecutorService.java:32)
	at org.junit.platform.engine.support.hierarchical.HierarchicalTestExecutor.execute(HierarchicalTestExecutor.java:57)
	at org.junit.platform.engine.support.hierarchical.HierarchicalTestEngine.execute(HierarchicalTestEngine.java:51)
	at org.junit.platform.launcher.core.DefaultLauncher.execute(DefaultLauncher.java:248)
	at org.junit.platform.launcher.core.DefaultLauncher.lambda$execute$5(DefaultLauncher.java:211)
	at org.junit.platform.launcher.core.DefaultLauncher.withInterceptedStreams(DefaultLauncher.java:226)
	at org.junit.platform.launcher.core.DefaultLauncher.execute(DefaultLauncher.java:199)
	at org.junit.platform.launcher.core.DefaultLauncher.execute(DefaultLauncher.java:141)
	at com.draeger.medical.sdccc.TestSuite.phase2(TestSuite.java:250)
	at com.draeger.medical.sdccc.TestSuite.runTestSuite(TestSuite.java:166)
	at com.draeger.medical.sdccc.TestSuite.main(TestSuite.java:682)
]]></error>
<display-name><![CDATA[testRequirementR6041()]]></display-name>
<test-description><![CDATA[Verifies that for every known context state handle the corresponding context state is returned.]]></test-description>
<unique-id><![CDATA[[engine:junit-jupiter]/[class:com.draeger.medical.sdccc.tests.biceps.direct.DirectParticipantModelServiceOperationsTest]/[method:testRequirementR6041()]]]></unique-id>
<test-identifier><![CDATA[BICEPS.R6041]]></test-identifier>
</testcase>
<testcase name="SDCccInvalidTestRun" classname="com.draeger.medical.sdccc.TestSuite" time="0">
<error message="SDCcc test run was marked as invalid" type="InvalidTestRun"><![CDATA[SDCcc test run was marked as invalid for the following reasons:TriggerOnErrorOrWorseLogAppender observed an ERROR or worse. Invalidating TestRun. Please see the Log for more Details.
- Lost connection to device urn:uuid:7de857ef-ebff-5a63-9806-80993c42d627. Reason: Trying to renew subscription running on service combined failed]]></error>
<display-name><![CDATA[SDCcc Test Run Validity]]></display-name>
<test-description><![CDATA[SDCcc Test Run Validity]]></test-description>
<unique-id><![CDATA[[class:SDCccTestRunValidity]]]></unique-id>
<test-identifier><![CDATA[SDCccTestRunValidity]]></test-identifier>
</testcase>
</testsuite>
