{
 "analysis": [
 {
 "test_name": "tests/smoke/test_basic.py::test_will_fail",
 "error": "AssertionError: Function should return double of the value",
 "call_path": [
 "tests/smoke/test_basic.py::test_will_fail",
 "source/sut.py::SystemUnderTest::function"
 ],
 "locus": {
 "files": [
 "source/sut.py"
 ],
 "functions": [
 "source/sut.py::SystemUnderTest::function"
 ]
 },
 "failure_type": "AssertionError",
 "root_cause": "The function in SystemUnderTest does not correctly return double the input value as expected.",
 "severity": "medium",
 "suggested_fixes": [
 "Update the implementation of SystemUnderTest::function to correctly return double the input value.",
 "Add unit tests to validate the behavior of SystemUnderTest::function for various inputs."
 ],
 "rationale": [
 "Assertion mismatch indicates incorrect function logic.",
 "Critical path confirms the function implementation is the source.",
 "Test explicitly expects double the input value."
 ],
 "insight_bullets": [
 "Incorrect logic in core functions can propagate errors across dependent modules.",
 "Medium risk to release stability due to failure in basic functionality.",
 "Potential increase in debugging and lead time if similar issues persist."
 ]
 },
 {
 "test_name": "tests/unit/test_delayed_assert.py::test_delayed_response_with_error",
 "error": "AssertionError: Failed Expectations : 1",
 "call_path": [
 "tests/unit/test_delayed_assert.py::test_delayed_response_with_error",
 ".venv/Lib/site-packages/delayed_assert/delayed_assert.py::assert_expectations"
 ],
 "failure_type": "AssertionError",
 "root_cause": "The mocked response JSON does not match the expected empty dictionary, causing a failed expectation.",
 "severity": "medium",
 "suggested_fixes": [
 "Update the test to correctly mock the expected response JSON as {}.",
 "Ensure the test setup aligns with the expected behavior of the mocked response."
 ],
 "rationale": [
 "Mismatch between mocked response and expected value.",
 "Critical path confirms failure in expectation validation.",
 "Mocking setup does not align with test assertions."
 ],
 "insight_bullets": [
 "Improper mocking setups can lead to unreliable test results.",
 "Medium risk to integration tests relying on consistent mock behavior.",
 "Potential tech debt accumulation if mocking issues are not standardized."
 ]
 },
 {
 "test_name": "tests/unit/test_mocks.py::test_mock_patching",
 "error": "AttributeError: 'called_once' is not a valid assertion.",
 "call_path": [
 "tests/unit/test_mocks.py::test_mock_patching",
 "..\\..\\..\\AppData\\Local\\Programs\\Python\\Python312\\Lib\\unittest\\mock.py::called_once"
 ],
 "failure_type": "AttributeError",
 "root_cause": "The 'called_once' attribute is not valid for the mocked object; it requires a spec to define valid attributes.",
 "severity": "low",
 "suggested_fixes": [
 "Add a spec to the mock object to define valid attributes.",
 "Replace 'called_once' with a valid assertion method like 'assert_called_once'."
 ],
 "rationale": [
 "Mock object lacks a spec for valid attributes.",
 "Critical path confirms invalid attribute usage in the test.",
 "Error message explicitly identifies 'called_once' as invalid."
 ],
 "insight_bullets": [
 "Improper mocking practices can reduce test reliability.",
 "Low risk to release but increases debugging overhead.",
 "Standardizing mock usage can prevent similar issues in future tests."
 ]
 },
 {
 "test_name": "tests/unit/test_mocks.py::test_mock_side_effect",
 "error": "AttributeError: 'called_once' is not a valid assertion.",
 "call_path": [
 "tests/unit/test_mocks.py::test_mock_side_effect",
 "..\\..\\..\\AppData\\Local\\Programs\\Python\\Python312\\Lib\\unittest\\mock.py::called_once"
 ],
 "failure_type": "AttributeError",
 "root_cause": "The 'called_once' attribute is not valid for the mocked object; it requires a spec to define valid attributes.",
 "severity": "low",
 "suggested_fixes": [
 "Add a spec to the mock object to define valid attributes.",
 "Replace 'called_once' with a valid assertion method like 'assert_called_once'."
 ],
 "rationale": [
 "Mock object lacks a spec for valid attributes.",
 "Critical path confirms invalid attribute usage in the test.",
 "Error message explicitly identifies 'called_once' as invalid."
 ],
 "insight_bullets": [
 "Improper mocking practices can reduce test reliability.",
 "Low risk to release but increases debugging overhead.",
 "Standardizing mock usage can prevent similar issues in future tests."
 ]
 }
 ]
}