SF:src/ties/__about__.py
DA:3,1
LF:1
LH:1
end_of_record
SF:src/ties/_configuration.py
DA:1,1
DA:2,1
DA:4,1
DA:6,1
DA:8,1
DA:11,1
DA:13,1
DA:14,1
DA:15,1
DA:16,1
DA:17,1
DA:18,1
DA:19,1
DA:20,1
DA:22,1
DA:23,0
DA:25,1
DA:27,1
DA:28,1
DA:30,1
DA:31,1
DA:34,1
DA:35,1
LF:23
LH:22
FN:11,35,load_config
FNDA:1,load_config
FNF:1
FNH:1
end_of_record
SF:src/ties/_consts.py
DA:1,1
DA:3,1
DA:4,1
DA:5,1
DA:6,1
DA:10,1
DA:13,1
DA:14,1
DA:15,1
DA:16,1
DA:17,1
DA:18,1
DA:19,1
DA:20,1
DA:23,1
DA:26,1
DA:28,1
DA:29,1
DA:30,1
DA:31,1
DA:32,1
DA:33,1
DA:34,1
LF:23
LH:23
FN:26,34,cprint
FNDA:1,cprint
FNF:1
FNH:1
end_of_record
SF:src/ties/_file_processing.py
DA:3,1
DA:4,1
DA:5,1
DA:6,1
DA:7,1
DA:9,1
DA:12,1
DA:14,1
DA:17,1
DA:19,1
DA:20,1
DA:21,1
DA:22,1
DA:23,1
DA:26,1
DA:34,1
DA:35,1
DA:38,1
DA:39,1
DA:41,1
DA:42,1
DA:43,0
DA:47,1
DA:48,1
DA:49,1
DA:50,1
DA:51,1
DA:52,1
DA:55,1
DA:57,1
DA:58,1
DA:61,1
DA:63,1
DA:64,1
DA:66,1
DA:67,1
DA:70,0
DA:71,0
DA:75,1
DA:78,1
DA:79,1
DA:82,1
DA:83,1
DA:84,1
DA:85,1
DA:86,1
DA:89,1
DA:90,1
DA:91,1
DA:93,1
DA:96,1
DA:97,1
DA:98,1
DA:99,1
DA:100,1
DA:102,0
DA:103,1
DA:106,1
DA:107,1
DA:108,1
DA:109,1
DA:110,0
DA:112,1
DA:113,1
DA:116,1
DA:122,1
DA:123,1
DA:125,1
DA:127,1
DA:128,1
DA:130,1
DA:131,1
DA:132,1
DA:134,1
DA:135,1
DA:136,1
DA:137,1
DA:139,1
DA:140,1
DA:142,1
DA:143,1
DA:145,1
DA:147,1
DA:148,1
DA:149,1
DA:151,1
DA:152,1
DA:153,1
DA:154,1
DA:156,1
DA:157,1
DA:158,1
DA:159,1
DA:160,1
DA:161,1
DA:162,1
DA:163,1
DA:164,1
DA:165,1
DA:167,0
DA:168,0
DA:173,0
DA:175,1
DA:178,1
DA:180,1
DA:181,1
DA:182,1
DA:183,1
DA:185,1
DA:187,1
DA:190,1
DA:192,1
DA:193,1
DA:194,1
DA:195,1
DA:196,1
DA:197,1
DA:198,1
DA:201,1
DA:202,1
DA:203,1
DA:204,1
DA:205,1
DA:206,1
DA:207,1
DA:213,1
DA:216,1
DA:218,1
DA:219,1
DA:220,1
DA:221,1
DA:222,1
DA:223,1
LF:133
LH:125
FN:12,14,get_content_hash
FNDA:1,get_content_hash
FN:17,23,get_file_hash
FNDA:1,get_file_hash
FN:26,93,get_source_content
FNDA:1,get_source_content
FN:96,103,_resolve_sources
FNDA:1,_resolve_sources
FN:106,113,_resolve_transforms
FNDA:1,_resolve_transforms
FN:116,175,process_files
FNDA:1,process_files
FN:178,187,normalize_targets
FNDA:1,normalize_targets
FN:190,213,final_summary
FNDA:1,final_summary
FN:216,223,is_text_file
FNDA:1,is_text_file
FNF:9
FNH:9
end_of_record
SF:src/ties/common_transforms.py
DA:3,1
DA:4,1
DA:7,1
DA:14,1
DA:18,1
DA:23,1
DA:24,1
DA:27,1
LF:8
LH:8
FN:7,27,embed_environ
FNDA:1,embed_environ
FN:23,24,embed_environ.replacer
FNDA:1,embed_environ.replacer
FNF:2
FNH:2
end_of_record
SF:tests/check_test.py
DA:3,1
DA:6,1
DA:8,1
DA:21,1
DA:23,1
DA:36,1
DA:38,1
LF:7
LH:7
FN:6,18,test_check_equal_target
FNDA:1,test_check_equal_target
FN:21,33,test_check_non_equal_target
FNDA:1,test_check_non_equal_target
FN:36,48,test_check_one_equal_one_non_targets
FNDA:1,test_check_one_equal_one_non_targets
FNF:3
FNH:3
end_of_record
SF:tests/common_transforms_test.py
DA:3,1
DA:5,1
DA:8,1
DA:10,1
DA:11,1
DA:12,1
DA:13,1
DA:15,1
LF:8
LH:8
FN:8,15,test_embed_environ_replaces_and_missing
FNDA:1,test_embed_environ_replaces_and_missing
FNF:1
FNH:1
end_of_record
SF:tests/config_error_test.py
DA:3,1
DA:5,1
DA:7,1
DA:9,1
DA:15,1
DA:17,1
DA:18,1
DA:21,1
DA:25,1
DA:26,1
DA:28,1
DA:29,1
DA:30,1
LF:13
LH:13
FN:15,18,test_load_config_no_files
FNDA:1,test_load_config_no_files
FN:21,30,test_load_config_invalid_toml
FNDA:1,test_load_config_invalid_toml
FNF:2
FNH:2
end_of_record
SF:tests/config_test.py
DA:3,1
DA:6,1
DA:8,1
DA:9,1
DA:10,1
LF:5
LH:5
FN:6,10,test_load_config
FNDA:1,test_load_config
FNF:1
FNH:1
end_of_record
SF:tests/consts_printing_test.py
DA:3,1
DA:5,1
DA:7,1
DA:10,1
DA:12,1
DA:13,1
DA:14,1
DA:15,1
DA:18,1
DA:20,1
DA:21,1
DA:22,1
DA:24,1
DA:25,1
DA:26,1
LF:15
LH:15
FN:10,15,test_cprint_non_tty
FNDA:1,test_cprint_non_tty
FN:18,26,test_cprint_tty
FNDA:1,test_cprint_tty
FNF:2
FNH:2
end_of_record
SF:tests/data/scripts/mymods.py
DA:4,1
DA:6,1
LF:2
LH:2
FN:4,6,join_with_dash
FNDA:1,join_with_dash
FNF:1
FNH:1
end_of_record
SF:tests/file_processing_test.py
DA:3,1
DA:5,1
DA:7,1
DA:9,1
DA:20,1
DA:22,1
DA:23,1
DA:26,1
DA:28,1
DA:29,1
DA:31,1
DA:32,1
DA:33,1
DA:36,1
DA:39,1
DA:41,1
DA:42,1
DA:43,1
DA:46,1
DA:47,1
DA:48,1
DA:51,1
DA:53,1
DA:54,1
DA:57,1
DA:60,1
DA:61,1
DA:62,1
DA:65,1
DA:68,1
DA:69,1
DA:70,1
DA:71,1
DA:74,1
DA:77,1
DA:79,1
DA:80,1
DA:81,1
DA:82,1
DA:84,1
DA:88,1
DA:89,1
DA:92,1
DA:94,1
DA:95,1
DA:98,1
DA:99,1
DA:102,1
DA:103,1
DA:108,1
DA:110,1
DA:111,1
DA:112,1
DA:113,1
DA:115,1
DA:116,1
DA:119,1
DA:120,1
DA:123,1
DA:127,1
DA:128,1
DA:129,1
DA:130,1
DA:134,1
DA:135,1
DA:137,1
DA:138,1
DA:139,1
DA:143,1
DA:145,1
DA:146,1
DA:147,1
DA:148,1
DA:150,1
DA:151,1
DA:154,1
DA:156,1
DA:157,1
DA:160,1
DA:163,1
DA:165,1
DA:168,1
DA:170,1
DA:172,1
LF:84
LH:84
FN:20,23,write
FNDA:1,write
FN:26,36,test_get_content_hash_and_file_hash
FNDA:1,test_get_content_hash_and_file_hash
FN:39,48,test_is_text_file_true_and_false
FNDA:1,test_is_text_file_true_and_false
FN:51,71,test_resolve_sources_and_transforms_branches
FNDA:1,test_resolve_sources_and_transforms_branches
FN:74,89,test_transform_success
FNDA:1,test_transform_success
FN:92,105,test_transform_errors
FNDA:1,test_transform_errors
FN:108,120,test_process_files_check_and_fix
FNDA:1,test_process_files_check_and_fix
FN:123,139,test_process_files_fix_error
FNDA:1,test_process_files_fix_error
FN:134,135,test_process_files_fix_error.boom
FNDA:1,test_process_files_fix_error.boom
FN:143,151,test_process_files_fix_already_in_sync
FNDA:1,test_process_files_fix_already_in_sync
FN:154,157,test_normalize_targets_missing_raises
FNDA:1,test_normalize_targets_missing_raises
FN:160,172,test_final_summary_variants
FNDA:1,test_final_summary_variants
FNF:12
FNH:12
end_of_record
SF:tests/first_test.py
DA:4,1
DA:6,1
DA:8,1
DA:9,1
DA:11,1
LF:5
LH:5
FN:4,11,test_version_exists
FNDA:1,test_version_exists
FNF:1
FNH:1
end_of_record
